This is pdfTeX, Version 3.141592653-2.6-1.40.25 (MiKTeX 24.1) (preloaded format=pdflatex 2024.5.21)  31 MAY 2024 18:54
entering extended mode
 \write18 enabled.
 %&-line parsing enabled.
**./main.tex
(main.tex
LaTeX2e <2023-11-01> patch level 1
L3 programming layer <2024-01-04>
(enetcom-pfe-report.cls
(C:\Users\NICOLAS YODA\AppData\Local\Programs\MiKTeX\tex/latex/silence\silence.
sty
Package: silence 2012/07/02 v1.5b Selective filtering of warnings and error mes
sages
\sl@Save=\count187
\sl@StateNumber=\count188
\sl@MessageCount=\count189
\sl@Casualties=\count190
\sl@Filter=\toks17
\sl@Message=\toks18
\sl@UnexpandedMessage=\toks19
\sl@Mess@ge=\toks20
\sl@WarningCount=\count191
\sl@WarningNumber=\count192
\sl@WarningCasualties=\count193
\sl@TempBOW=\toks21
\sl@BankOfWarnings=\toks22
LaTeX Info: Redefining \GenericWarning on input line 433.
\sl@ErrorCount=\count194
\sl@ErrorNumber=\count195
\sl@ErrorCasualties=\count196
\sl@TempBOE=\toks23
\sl@BankOfErrors=\toks24
LaTeX Info: Redefining \GenericError on input line 601.
)
(C:\Users\NICOLAS YODA\AppData\Local\Programs\MiKTeX\tex/latex/base\report.cls
Document Class: report 2023/05/17 v1.4n Standard LaTeX document class
(C:\Users\NICOLAS YODA\AppData\Local\Programs\MiKTeX\tex/latex/base\size12.clo
File: size12.clo 2023/05/17 v1.4n Standard LaTeX file (size option)
)
\c@part=\count197
\c@chapter=\count198
\c@section=\count199
\c@subsection=\count266
\c@subsubsection=\count267
\c@paragraph=\count268
\c@subparagraph=\count269
\c@figure=\count270
\c@table=\count271
\abovecaptionskip=\skip48
\belowcaptionskip=\skip49
\bibindent=\dimen140
)
(C:\Users\NICOLAS YODA\AppData\Local\Programs\MiKTeX\tex/latex/geometry\geometr
y.sty
Package: geometry 2020/01/02 v5.9 Page Geometry

(C:\Users\NICOLAS YODA\AppData\Local\Programs\MiKTeX\tex/latex/graphics\keyval.
sty
Package: keyval 2022/05/29 v1.15 key=value parser (DPC)
\KV@toks@=\toks25
)
(C:\Users\NICOLAS YODA\AppData\Local\Programs\MiKTeX\tex/generic/iftex\ifvtex.s
ty
Package: ifvtex 2019/10/25 v1.7 ifvtex legacy package. Use iftex instead.

(C:\Users\NICOLAS YODA\AppData\Local\Programs\MiKTeX\tex/generic/iftex\iftex.st
y
Package: iftex 2022/02/03 v1.0f TeX engine tests
))
\Gm@cnth=\count272
\Gm@cntv=\count273
\c@Gm@tempcnt=\count274
\Gm@bindingoffset=\dimen141
\Gm@wd@mp=\dimen142
\Gm@odd@mp=\dimen143
\Gm@even@mp=\dimen144
\Gm@layoutwidth=\dimen145
\Gm@layoutheight=\dimen146
\Gm@layouthoffset=\dimen147
\Gm@layoutvoffset=\dimen148
\Gm@dimlist=\toks26

(C:\Users\NICOLAS YODA\AppData\Local\Programs\MiKTeX\tex/latex/geometry\geometr
y.cfg))
(C:\Users\NICOLAS YODA\AppData\Local\Programs\MiKTeX\tex/latex/environ\environ.
sty
Package: environ 2014/05/04 v0.3 A new way to define environments

(C:\Users\NICOLAS YODA\AppData\Local\Programs\MiKTeX\tex/latex/trimspaces\trims
paces.sty
Package: trimspaces 2009/09/17 v1.1 Trim spaces around a token list
)
\@envbody=\toks27
)
(C:\Users\NICOLAS YODA\AppData\Local\Programs\MiKTeX\tex/latex/verse\verse.sty
Package: verse 2014/05/10 v2.4b verse typesetting
\c@vslineno=\count275
\c@poemline=\count276
\c@fvsline=\count277
\c@modulo@vs=\count278
\c@verse@envctr=\count279
\versewidth=\skip50
\vgap=\skip51
\vindent=\skip52
\stanzaskip=\skip53
\vleftskip=\skip54
\vrightskip=\skip55
\c@chrsinstr=\count280
\beforepoemtitleskip=\skip56
\afterpoemtitleskip=\skip57
)
(C:\Users\NICOLAS YODA\AppData\Local\Programs\MiKTeX\tex/latex/xcolor\xcolor.st
y
Package: xcolor 2023/11/15 v3.01 LaTeX color extensions (UK)

(C:\Users\NICOLAS YODA\AppData\Local\Programs\MiKTeX\tex/latex/graphics-cfg\col
or.cfg
File: color.cfg 2016/01/02 v1.6 sample color configuration
)
Package xcolor Info: Driver file: pdftex.def on input line 274.

(C:\Users\NICOLAS YODA\AppData\Local\Programs\MiKTeX\tex/latex/graphics-def\pdf
tex.def
File: pdftex.def 2022/09/22 v1.2b Graphics/color driver for pdftex
)
(C:\Users\NICOLAS YODA\AppData\Local\Programs\MiKTeX\tex/latex/graphics\mathcol
or.ltx)
Package xcolor Info: Model `cmy' substituted by `cmy0' on input line 1350.
Package xcolor Info: Model `hsb' substituted by `rgb' on input line 1354.
Package xcolor Info: Model `RGB' extended on input line 1366.
Package xcolor Info: Model `HTML' substituted by `rgb' on input line 1368.
Package xcolor Info: Model `Hsb' substituted by `hsb' on input line 1369.
Package xcolor Info: Model `tHsb' substituted by `hsb' on input line 1370.
Package xcolor Info: Model `HSB' substituted by `hsb' on input line 1371.
Package xcolor Info: Model `Gray' substituted by `gray' on input line 1372.
Package xcolor Info: Model `wave' substituted by `hsb' on input line 1373.
)
(C:\Users\NICOLAS YODA\AppData\Local\Programs\MiKTeX\tex/latex/colortbl\colortb
l.sty
Package: colortbl 2024/02/20 v1.0g Color table columns (DPC)

(C:\Users\NICOLAS YODA\AppData\Local\Programs\MiKTeX\tex/latex/tools\array.sty
Package: array 2023/10/16 v2.5g Tabular extension package (FMi)
\col@sep=\dimen149
\ar@mcellbox=\box51
\extrarowheight=\dimen150
\NC@list=\toks28
\extratabsurround=\skip58
\backup@length=\skip59
\ar@cellbox=\box52
)
\everycr=\toks29
\minrowclearance=\skip60
\rownum=\count281
)
(C:\Users\NICOLAS YODA\AppData\Local\Programs\MiKTeX\tex/latex/titlesec\titlese
c.sty
Package: titlesec 2023/10/27 v2.16 Sectioning titles
\ttl@box=\box53
\beforetitleunit=\skip61
\aftertitleunit=\skip62
\ttl@plus=\dimen151
\ttl@minus=\dimen152
\ttl@toksa=\toks30
\titlewidth=\dimen153
\titlewidthlast=\dimen154
\titlewidthfirst=\dimen155
)
(C:\Users\NICOLAS YODA\AppData\Local\Programs\MiKTeX\tex/latex/chngcntr\chngcnt
r.sty
Package: chngcntr 2018/04/09 v1.1a change counter resetting
Package chngcntr Info: \counterwithout already defined.
(chngcntr)             Quitting chngcntr on input line 21.
)
(C:\Users\NICOLAS YODA\AppData\Local\Programs\MiKTeX\tex/latex/fancyhdr\fancyhd
r.sty
Package: fancyhdr 2024/04/23 v4.2 Extensive control of page headers and footers

\f@nch@headwidth=\skip63
\f@nch@O@elh=\skip64
\f@nch@O@erh=\skip65
\f@nch@O@olh=\skip66
\f@nch@O@orh=\skip67
\f@nch@O@elf=\skip68
\f@nch@O@erf=\skip69
\f@nch@O@olf=\skip70
\f@nch@O@orf=\skip71
)
(C:\Users\NICOLAS YODA\AppData\Local\Programs\MiKTeX\tex/latex/caption\caption.
sty
Package: caption 2023/08/05 v3.6o Customizing captions (AR)

(C:\Users\NICOLAS YODA\AppData\Local\Programs\MiKTeX\tex/latex/caption\caption3
.sty
Package: caption3 2023/07/31 v2.4d caption3 kernel (AR)
\caption@tempdima=\dimen156
\captionmargin=\dimen157
\caption@leftmargin=\dimen158
\caption@rightmargin=\dimen159
\caption@width=\dimen160
\caption@indent=\dimen161
\caption@parindent=\dimen162
\caption@hangindent=\dimen163
Package caption Info: Standard document class detected.
)
\c@caption@flags=\count282
\c@continuedfloat=\count283
)
(C:\Users\NICOLAS YODA\AppData\Local\Programs\MiKTeX\tex/latex/caption\subcapti
on.sty
Package: subcaption 2023/07/28 v1.6b Sub-captions (AR)
Package caption Info: New subtype `subfigure' on input line 238.
\c@subfigure=\count284
Package caption Info: New subtype `subtable' on input line 238.
\c@subtable=\count285
)
(C:\Users\NICOLAS YODA\AppData\Local\Programs\MiKTeX\tex/latex/hyperref\hyperre
f.sty
Package: hyperref 2023-11-26 v7.01g Hypertext links for LaTeX

(C:\Users\NICOLAS YODA\AppData\Local\Programs\MiKTeX\tex/generic/infwarerr\infw
arerr.sty
Package: infwarerr 2019/12/03 v1.5 Providing info/warning/error messages (HO)
)
(C:\Users\NICOLAS YODA\AppData\Local\Programs\MiKTeX\tex/latex/kvsetkeys\kvsetk
eys.sty
Package: kvsetkeys 2022-10-05 v1.19 Key value parser (HO)
)
(C:\Users\NICOLAS YODA\AppData\Local\Programs\MiKTeX\tex/generic/kvdefinekeys\k
vdefinekeys.sty
Package: kvdefinekeys 2019-12-19 v1.6 Define keys (HO)
)
(C:\Users\NICOLAS YODA\AppData\Local\Programs\MiKTeX\tex/generic/pdfescape\pdfe
scape.sty
Package: pdfescape 2019/12/09 v1.15 Implements pdfTeX's escape features (HO)

(C:\Users\NICOLAS YODA\AppData\Local\Programs\MiKTeX\tex/generic/ltxcmds\ltxcmd
s.sty
Package: ltxcmds 2023-12-04 v1.26 LaTeX kernel commands for general use (HO)
)
(C:\Users\NICOLAS YODA\AppData\Local\Programs\MiKTeX\tex/generic/pdftexcmds\pdf
texcmds.sty
Package: pdftexcmds 2020-06-27 v0.33 Utility functions of pdfTeX for LuaTeX (HO
)
Package pdftexcmds Info: \pdf@primitive is available.
Package pdftexcmds Info: \pdf@ifprimitive is available.
Package pdftexcmds Info: \pdfdraftmode found.
))
(C:\Users\NICOLAS YODA\AppData\Local\Programs\MiKTeX\tex/latex/hycolor\hycolor.
sty
Package: hycolor 2020-01-27 v1.10 Color options for hyperref/bookmark (HO)
)
(C:\Users\NICOLAS YODA\AppData\Local\Programs\MiKTeX\tex/latex/letltxmacro\letl
txmacro.sty
Package: letltxmacro 2019/12/03 v1.6 Let assignment for LaTeX macros (HO)
)
(C:\Users\NICOLAS YODA\AppData\Local\Programs\MiKTeX\tex/latex/auxhook\auxhook.
sty
Package: auxhook 2019-12-17 v1.6 Hooks for auxiliary files (HO)
)
(C:\Users\NICOLAS YODA\AppData\Local\Programs\MiKTeX\tex/latex/hyperref\nameref
.sty
Package: nameref 2023-11-26 v2.56 Cross-referencing by name of section

(C:\Users\NICOLAS YODA\AppData\Local\Programs\MiKTeX\tex/latex/refcount\refcoun
t.sty
Package: refcount 2019/12/15 v3.6 Data extraction from label references (HO)
)
(C:\Users\NICOLAS YODA\AppData\Local\Programs\MiKTeX\tex/generic/gettitlestring
\gettitlestring.sty
Package: gettitlestring 2019/12/15 v1.6 Cleanup title references (HO)

(C:\Users\NICOLAS YODA\AppData\Local\Programs\MiKTeX\tex/latex/kvoptions\kvopti
ons.sty
Package: kvoptions 2022-06-15 v3.15 Key value format for package options (HO)
))
\c@section@level=\count286
)
(C:\Users\NICOLAS YODA\AppData\Local\Programs\MiKTeX\tex/latex/etoolbox\etoolbo
x.sty
Package: etoolbox 2020/10/05 v2.5k e-TeX tools for LaTeX (JAW)
\etb@tempcnta=\count287
)
\@linkdim=\dimen164
\Hy@linkcounter=\count288
\Hy@pagecounter=\count289

(C:\Users\NICOLAS YODA\AppData\Local\Programs\MiKTeX\tex/latex/hyperref\pd1enc.
def
File: pd1enc.def 2023-11-26 v7.01g Hyperref: PDFDocEncoding definition (HO)
Now handling font encoding PD1 ...
... no UTF-8 mapping file for font encoding PD1
)
(C:\Users\NICOLAS YODA\AppData\Local\Programs\MiKTeX\tex/generic/intcalc\intcal
c.sty
Package: intcalc 2019/12/15 v1.3 Expandable calculations with integers (HO)
)
\Hy@SavedSpaceFactor=\count290

(C:\Users\NICOLAS YODA\AppData\Local\Programs\MiKTeX\tex/latex/hyperref\puenc.d
ef
File: puenc.def 2023-11-26 v7.01g Hyperref: PDF Unicode definition (HO)
Now handling font encoding PU ...
... no UTF-8 mapping file for font encoding PU
)
Package hyperref Info: Hyper figures OFF on input line 4181.
Package hyperref Info: Link nesting OFF on input line 4186.
Package hyperref Info: Hyper index ON on input line 4189.
Package hyperref Info: Plain pages OFF on input line 4196.
Package hyperref Info: Backreferencing OFF on input line 4201.
Package hyperref Info: Implicit mode ON; LaTeX internals redefined.
Package hyperref Info: Bookmarks ON on input line 4448.
\c@Hy@tempcnt=\count291
 (C:\Users\NICOLAS YODA\AppData\Local\Programs\MiKTeX\tex/latex/url\url.sty
\Urlmuskip=\muskip16
Package: url 2013/09/16  ver 3.4  Verb mode for urls, etc.
)
LaTeX Info: Redefining \url on input line 4786.
\XeTeXLinkMargin=\dimen165

(C:\Users\NICOLAS YODA\AppData\Local\Programs\MiKTeX\tex/generic/bitset\bitset.
sty
Package: bitset 2019/12/09 v1.3 Handle bit-vector datatype (HO)

(C:\Users\NICOLAS YODA\AppData\Local\Programs\MiKTeX\tex/generic/bigintcalc\big
intcalc.sty
Package: bigintcalc 2019/12/15 v1.5 Expandable calculations on big integers (HO
)
))
\Fld@menulength=\count292
\Field@Width=\dimen166
\Fld@charsize=\dimen167
Package hyperref Info: Hyper figures OFF on input line 6065.
Package hyperref Info: Link nesting OFF on input line 6070.
Package hyperref Info: Hyper index ON on input line 6073.
Package hyperref Info: backreferencing OFF on input line 6080.
Package hyperref Info: Link coloring OFF on input line 6085.
Package hyperref Info: Link coloring with OCG OFF on input line 6090.
Package hyperref Info: PDF/A mode OFF on input line 6095.

(C:\Users\NICOLAS YODA\AppData\Local\Programs\MiKTeX\tex/latex/base\atbegshi-lt
x.sty
Package: atbegshi-ltx 2021/01/10 v1.0c Emulation of the original atbegshi
package with kernel methods
)
\Hy@abspage=\count293
\c@Item=\count294
\c@Hfootnote=\count295
)
Package hyperref Info: Driver (autodetected): hpdftex.

(C:\Users\NICOLAS YODA\AppData\Local\Programs\MiKTeX\tex/latex/hyperref\hpdftex
.def
File: hpdftex.def 2023-11-26 v7.01g Hyperref driver for pdfTeX

(C:\Users\NICOLAS YODA\AppData\Local\Programs\MiKTeX\tex/latex/base\atveryend-l
tx.sty
Package: atveryend-ltx 2020/08/19 v1.0a Emulation of the original atveryend pac
kage
with kernel methods
)
\Fld@listcount=\count296
\c@bookmark@seq@number=\count297

(C:\Users\NICOLAS YODA\AppData\Local\Programs\MiKTeX\tex/latex/rerunfilecheck\r
erunfilecheck.sty
Package: rerunfilecheck 2022-07-10 v1.10 Rerun checks for auxiliary files (HO)

(C:\Users\NICOLAS YODA\AppData\Local\Programs\MiKTeX\tex/generic/uniquecounter\
uniquecounter.sty
Package: uniquecounter 2019/12/15 v1.4 Provide unlimited unique counter (HO)
)
Package uniquecounter Info: New unique counter `rerunfilecheck' on input line 2
85.
)
\Hy@SectionHShift=\skip72
)
(C:\Users\NICOLAS YODA\AppData\Local\Programs\MiKTeX\tex/latex/needspace\needsp
ace.sty
Package: needspace 2010/09/12 v1.3d reserve vertical space
)
(C:\Users\NICOLAS YODA\AppData\Local\Programs\MiKTeX\tex/latex/pdfpages\pdfpage
s.sty
Package: pdfpages 2024/01/21 v0.5y Insert pages of external PDF documents (AM)

(C:\Users\NICOLAS YODA\AppData\Local\Programs\MiKTeX\tex/latex/base\ifthen.sty
Package: ifthen 2022/04/13 v1.1d Standard LaTeX ifthen package (DPC)
) (C:\Users\NICOLAS YODA\AppData\Local\Programs\MiKTeX\tex/latex/tools\calc.sty
Package: calc 2023/07/08 v4.3 Infix arithmetic (KKT,FJ)
\calc@Acount=\count298
\calc@Bcount=\count299
\calc@Adimen=\dimen168
\calc@Bdimen=\dimen169
\calc@Askip=\skip73
\calc@Bskip=\skip74
LaTeX Info: Redefining \setlength on input line 80.
LaTeX Info: Redefining \addtolength on input line 81.
\calc@Ccount=\count300
\calc@Cskip=\skip75
)
(C:\Users\NICOLAS YODA\AppData\Local\Programs\MiKTeX\tex/latex/eso-pic\eso-pic.
sty
Package: eso-pic 2023/05/03 v3.0c eso-pic (RN)
\ESO@tempdima=\dimen170
\ESO@tempdimb=\dimen171
)
(C:\Users\NICOLAS YODA\AppData\Local\Programs\MiKTeX\tex/latex/graphics\graphic
x.sty
Package: graphicx 2021/09/16 v1.2d Enhanced LaTeX Graphics (DPC,SPQR)

(C:\Users\NICOLAS YODA\AppData\Local\Programs\MiKTeX\tex/latex/graphics\graphic
s.sty
Package: graphics 2022/03/10 v1.4e Standard LaTeX Graphics (DPC,SPQR)

(C:\Users\NICOLAS YODA\AppData\Local\Programs\MiKTeX\tex/latex/graphics\trig.st
y
Package: trig 2021/08/11 v1.11 sin cos tan (DPC)
)
(C:\Users\NICOLAS YODA\AppData\Local\Programs\MiKTeX\tex/latex/graphics-cfg\gra
phics.cfg
File: graphics.cfg 2016/06/04 v1.11 sample graphics configuration
)
Package graphics Info: Driver file: pdftex.def on input line 107.
)
\Gin@req@height=\dimen172
\Gin@req@width=\dimen173
)
\AM@pagewidth=\dimen174
\AM@pageheight=\dimen175
\AM@fboxrule=\dimen176

(C:\Users\NICOLAS YODA\AppData\Local\Programs\MiKTeX\tex/latex/pdfpages\pppdfte
x.def
File: pppdftex.def 2024/01/21 v0.5y Pdfpages driver for pdfTeX (AM)
)
\pdfpages@includegraphics@status=\count301
\AM@pagebox=\box54
\AM@global@opts=\toks31
\AM@pagecnt=\count302
\AM@toc@title=\toks32
\AM@lof@heading=\toks33
\c@AM@survey=\count303
\AM@templatesizebox=\box55
)
(C:\Users\NICOLAS YODA\AppData\Local\Programs\MiKTeX\tex/latex/enumitem\enumite
m.sty
Package: enumitem 2019/06/20 v3.9 Customized lists
\labelindent=\skip76
\enit@outerparindent=\dimen177
\enit@toks=\toks34
\enit@inbox=\box56
\enit@count@id=\count304
\enitdp@description=\count305
)
(C:\Users\NICOLAS YODA\AppData\Local\Programs\MiKTeX\tex/latex/footmisc\footmis
c.sty
Package: footmisc 2023/07/05 v6.0f a miscellany of footnote facilities
\FN@temptoken=\toks35
\footnotemargin=\dimen178
\@outputbox@depth=\dimen179
Package footmisc Info: Declaring symbol style bringhurst on input line 696.
Package footmisc Info: Declaring symbol style chicago on input line 704.
Package footmisc Info: Declaring symbol style wiley on input line 713.
Package footmisc Info: Declaring symbol style lamport-robust on input line 724.

Package footmisc Info: Declaring symbol style lamport* on input line 744.
Package footmisc Info: Declaring symbol style lamport*-robust on input line 765
.
)
(C:\Users\NICOLAS YODA\AppData\Local\Programs\MiKTeX\tex/generic/babel\babel.st
y
Package: babel 2024/01/07 v24.1 The Babel package
\babel@savecnt=\count306
\U@D=\dimen180
\l@unhyphenated=\language79

(C:\Users\NICOLAS YODA\AppData\Local\Programs\MiKTeX\tex/generic/babel\txtbabel
.def)
\bbl@readstream=\read2
\bbl@dirlevel=\count307

*************************************
* Local config file bblopts.cfg used
*

(C:\Users\NICOLAS YODA\AppData\Local\Programs\MiKTeX\tex/latex/arabi\bblopts.cf
g
File: bblopts.cfg 2005/09/08 v0.1 add Arabic and Farsi to "declared" options of
 babel
)
(C:\Users\NICOLAS YODA\AppData\Local\Programs\MiKTeX\tex/generic/babel-french\f
rench.ldf
Language: french 2024-02-29 v3.5s French support from the babel system
Package babel Info: Hyphen rules for 'acadian' set to \l@french
(babel)             (\language22). Reported on input line 91.
Package babel Info: Hyphen rules for 'canadien' set to \l@french
(babel)             (\language22). Reported on input line 92.
\FB@stdchar=\count308
Package babel Info: Making : an active character on input line 420.
Package babel Info: Making ; an active character on input line 421.
Package babel Info: Making ! an active character on input line 422.
Package babel Info: Making ? an active character on input line 423.
\FBguill@level=\count309
\FBold@everypar=\toks36
\FB@Mht=\dimen181
\mc@charclass=\count310
\mc@charfam=\count311
\mc@charslot=\count312
\std@mcc=\count313
\dec@mcc=\count314
\FB@parskip=\dimen182
\listindentFB=\dimen183
\descindentFB=\dimen184
\labelindentFB=\dimen185
\labelwidthFB=\dimen186
\leftmarginFB=\dimen187
\parindentFFN=\dimen188
\FBfnindent=\dimen189
))
(C:\Users\NICOLAS YODA\AppData\Local\Programs\MiKTeX\tex/generic/babel/locale/f
r\babel-french.tex
Package babel Info: Importing font and identification data for french
(babel)             from babel-fr.ini. Reported on input line 11.
)
(C:\Users\NICOLAS YODA\AppData\Local\Programs\MiKTeX\tex/latex/carlisle\scalefn
t.sty)
(C:\Users\NICOLAS YODA\AppData\Local\Programs\MiKTeX\tex/latex/tools\varioref.s
ty
Package: varioref 2022/01/09 v1.6f package for extended references (FMi)
\c@vrcnt=\count315
)
(C:\Users\NICOLAS YODA\AppData\Local\Programs\MiKTeX\tex/latex/acronym\acronym.
sty
Package: acronym 2020/04/17 v1.47 Support for acronyms (Tobias Oetiker)

(C:\Users\NICOLAS YODA\AppData\Local\Programs\MiKTeX\tex/latex/bigfoot\suffix.s
ty
Package: suffix 2006/07/15 1.5a Variant command support
)
(C:\Users\NICOLAS YODA\AppData\Local\Programs\MiKTeX\tex/latex/xstring\xstring.
sty
(C:\Users\NICOLAS YODA\AppData\Local\Programs\MiKTeX\tex/generic/xstring\xstrin
g.tex
\xs_counta=\count316
\xs_countb=\count317
)
Package: xstring 2023/08/22 v1.86 String manipulations (CT)
)
\AC@clearlist=\toks37
)
(C:\Users\NICOLAS YODA\AppData\Local\Programs\MiKTeX\tex/latex/minitoc\minitoc.
sty
Package: minitoc 2018/07/12 v62 Package minitoc

(C:\Users\NICOLAS YODA\AppData\Local\Programs\MiKTeX\tex/latex/minitoc\mtcmess.
sty
Package: mtcmess 2006/03/14
)
Package minitoc Info: I0001
(minitoc)             *** minitoc package, version 62 ***.
\tf@mtc=\write3
\mtcindent=\skip77
\mtcskipamount=\skip78
Package minitoc Info: I0005
(minitoc)             compatible with hyperref.
Package minitoc Info: I0023
(minitoc)             part level macros available.
Package minitoc Info: I0003
(minitoc)             chapter level macros available.
\mtc@toks=\toks38
\mtc@strutbox=\box57
\mtc@hstrutbox=\box58
Package minitoc Info: I0002
(minitoc)             Autoconfiguration of extensions.
\openout3 = `main.mtc0'.

\openout3 = `main.mtc'.

 (main.mtc0)
Package minitoc Info: I0012
(minitoc)             Long extensions (Unix-like) will be used.
Package minitoc Info: I0031
(minitoc)             ==> this version is configured for UNIX-like 
(minitoc)                 (long extensions) file names.
\openout3 = `main.mtc'.

\openout3 = `main.mtc0'.

\c@mtc=\count318
\c@minitocdepth=\count319
\c@ptc=\count320
\c@parttocdepth=\count321
\ptcindent=\skip79
Package minitoc Info: I0010
(minitoc)             The english language is selected.
(minitoc)              on input line 4910.

(C:\Users\NICOLAS YODA\AppData\Local\Programs\MiKTeX\tex/latex/minitoc\english.
mld
File: english.mld 2006/01/13
)
(C:\Users\NICOLAS YODA\AppData\Local\Programs\MiKTeX\tex/latex/minitoc\english.
mld
File: english.mld 2006/01/13
)
Package minitoc Info: I0010
(minitoc)             The french language is selected.
(minitoc)              on input line 4911.

(C:\Users\NICOLAS YODA\AppData\Local\Programs\MiKTeX\tex/latex/minitoc\french.m
ld
File: french.mld 2006/03/21
))
(C:\Users\NICOLAS YODA\AppData\Local\Programs\MiKTeX\tex/latex/base\inputenc.st
y
Package: inputenc 2021/02/14 v1.3d Input encoding file
\inpenc@prehook=\toks39
\inpenc@posthook=\toks40
)
(C:\Users\NICOLAS YODA\AppData\Local\Programs\MiKTeX\tex/latex/base\fontenc.sty
Package: fontenc 2021/04/29 v2.0v Standard LaTeX package
)
(C:\Users\NICOLAS YODA\AppData\Local\Programs\MiKTeX\tex/latex/tcolorbox\tcolor
box.sty
Package: tcolorbox 2024/01/10 version 6.2.0 text color boxes

(C:\Users\NICOLAS YODA\AppData\Local\Programs\MiKTeX\tex/latex/pgf/basiclayer\p
gf.sty
(C:\Users\NICOLAS YODA\AppData\Local\Programs\MiKTeX\tex/latex/pgf/utilities\pg
frcs.sty
(C:\Users\NICOLAS YODA\AppData\Local\Programs\MiKTeX\tex/generic/pgf/utilities\
pgfutil-common.tex
\pgfutil@everybye=\toks41
\pgfutil@tempdima=\dimen190
\pgfutil@tempdimb=\dimen191
)
(C:\Users\NICOLAS YODA\AppData\Local\Programs\MiKTeX\tex/generic/pgf/utilities\
pgfutil-latex.def
\pgfutil@abb=\box59
)
(C:\Users\NICOLAS YODA\AppData\Local\Programs\MiKTeX\tex/generic/pgf/utilities\
pgfrcs.code.tex
(C:\Users\NICOLAS YODA\AppData\Local\Programs\MiKTeX\tex/generic/pgf\pgf.revisi
on.tex)
Package: pgfrcs 2023-01-15 v3.1.10 (3.1.10)
))
Package: pgf 2023-01-15 v3.1.10 (3.1.10)

(C:\Users\NICOLAS YODA\AppData\Local\Programs\MiKTeX\tex/latex/pgf/basiclayer\p
gfcore.sty
(C:\Users\NICOLAS YODA\AppData\Local\Programs\MiKTeX\tex/latex/pgf/systemlayer\
pgfsys.sty
(C:\Users\NICOLAS YODA\AppData\Local\Programs\MiKTeX\tex/generic/pgf/systemlaye
r\pgfsys.code.tex
Package: pgfsys 2023-01-15 v3.1.10 (3.1.10)

(C:\Users\NICOLAS YODA\AppData\Local\Programs\MiKTeX\tex/generic/pgf/utilities\
pgfkeys.code.tex
\pgfkeys@pathtoks=\toks42
\pgfkeys@temptoks=\toks43

(C:\Users\NICOLAS YODA\AppData\Local\Programs\MiKTeX\tex/generic/pgf/utilities\
pgfkeyslibraryfiltered.code.tex
\pgfkeys@tmptoks=\toks44
))
\pgf@x=\dimen192
\pgf@y=\dimen193
\pgf@xa=\dimen194
\pgf@ya=\dimen195
\pgf@xb=\dimen196
\pgf@yb=\dimen197
\pgf@xc=\dimen198
\pgf@yc=\dimen199
\pgf@xd=\dimen256
\pgf@yd=\dimen257
\w@pgf@writea=\write4
\r@pgf@reada=\read3
\c@pgf@counta=\count322
\c@pgf@countb=\count323
\c@pgf@countc=\count324
\c@pgf@countd=\count325
\t@pgf@toka=\toks45
\t@pgf@tokb=\toks46
\t@pgf@tokc=\toks47
\pgf@sys@id@count=\count326

(C:\Users\NICOLAS YODA\AppData\Local\Programs\MiKTeX\tex/generic/pgf/systemlaye
r\pgf.cfg
File: pgf.cfg 2023-01-15 v3.1.10 (3.1.10)
)
Driver file for pgf: pgfsys-pdftex.def

(C:\Users\NICOLAS YODA\AppData\Local\Programs\MiKTeX\tex/generic/pgf/systemlaye
r\pgfsys-pdftex.def
File: pgfsys-pdftex.def 2023-01-15 v3.1.10 (3.1.10)

(C:\Users\NICOLAS YODA\AppData\Local\Programs\MiKTeX\tex/generic/pgf/systemlaye
r\pgfsys-common-pdf.def
File: pgfsys-common-pdf.def 2023-01-15 v3.1.10 (3.1.10)
)))
(C:\Users\NICOLAS YODA\AppData\Local\Programs\MiKTeX\tex/generic/pgf/systemlaye
r\pgfsyssoftpath.code.tex
File: pgfsyssoftpath.code.tex 2023-01-15 v3.1.10 (3.1.10)
\pgfsyssoftpath@smallbuffer@items=\count327
\pgfsyssoftpath@bigbuffer@items=\count328
)
(C:\Users\NICOLAS YODA\AppData\Local\Programs\MiKTeX\tex/generic/pgf/systemlaye
r\pgfsysprotocol.code.tex
File: pgfsysprotocol.code.tex 2023-01-15 v3.1.10 (3.1.10)
))
(C:\Users\NICOLAS YODA\AppData\Local\Programs\MiKTeX\tex/generic/pgf/basiclayer
\pgfcore.code.tex
Package: pgfcore 2023-01-15 v3.1.10 (3.1.10)

(C:\Users\NICOLAS YODA\AppData\Local\Programs\MiKTeX\tex/generic/pgf/math\pgfma
th.code.tex
(C:\Users\NICOLAS YODA\AppData\Local\Programs\MiKTeX\tex/generic/pgf/math\pgfma
thutil.code.tex)
(C:\Users\NICOLAS YODA\AppData\Local\Programs\MiKTeX\tex/generic/pgf/math\pgfma
thparser.code.tex
\pgfmath@dimen=\dimen258
\pgfmath@count=\count329
\pgfmath@box=\box60
\pgfmath@toks=\toks48
\pgfmath@stack@operand=\toks49
\pgfmath@stack@operation=\toks50
)
(C:\Users\NICOLAS YODA\AppData\Local\Programs\MiKTeX\tex/generic/pgf/math\pgfma
thfunctions.code.tex)
(C:\Users\NICOLAS YODA\AppData\Local\Programs\MiKTeX\tex/generic/pgf/math\pgfma
thfunctions.basic.code.tex)
(C:\Users\NICOLAS YODA\AppData\Local\Programs\MiKTeX\tex/generic/pgf/math\pgfma
thfunctions.trigonometric.code.tex)
(C:\Users\NICOLAS YODA\AppData\Local\Programs\MiKTeX\tex/generic/pgf/math\pgfma
thfunctions.random.code.tex)
(C:\Users\NICOLAS YODA\AppData\Local\Programs\MiKTeX\tex/generic/pgf/math\pgfma
thfunctions.comparison.code.tex)
(C:\Users\NICOLAS YODA\AppData\Local\Programs\MiKTeX\tex/generic/pgf/math\pgfma
thfunctions.base.code.tex)
(C:\Users\NICOLAS YODA\AppData\Local\Programs\MiKTeX\tex/generic/pgf/math\pgfma
thfunctions.round.code.tex)
(C:\Users\NICOLAS YODA\AppData\Local\Programs\MiKTeX\tex/generic/pgf/math\pgfma
thfunctions.misc.code.tex)
(C:\Users\NICOLAS YODA\AppData\Local\Programs\MiKTeX\tex/generic/pgf/math\pgfma
thfunctions.integerarithmetics.code.tex)
(C:\Users\NICOLAS YODA\AppData\Local\Programs\MiKTeX\tex/generic/pgf/math\pgfma
thcalc.code.tex)
(C:\Users\NICOLAS YODA\AppData\Local\Programs\MiKTeX\tex/generic/pgf/math\pgfma
thfloat.code.tex
\c@pgfmathroundto@lastzeros=\count330
))
(C:\Users\NICOLAS YODA\AppData\Local\Programs\MiKTeX\tex/generic/pgf/math\pgfin
t.code.tex)
(C:\Users\NICOLAS YODA\AppData\Local\Programs\MiKTeX\tex/generic/pgf/basiclayer
\pgfcorepoints.code.tex
File: pgfcorepoints.code.tex 2023-01-15 v3.1.10 (3.1.10)
\pgf@picminx=\dimen259
\pgf@picmaxx=\dimen260
\pgf@picminy=\dimen261
\pgf@picmaxy=\dimen262
\pgf@pathminx=\dimen263
\pgf@pathmaxx=\dimen264
\pgf@pathminy=\dimen265
\pgf@pathmaxy=\dimen266
\pgf@xx=\dimen267
\pgf@xy=\dimen268
\pgf@yx=\dimen269
\pgf@yy=\dimen270
\pgf@zx=\dimen271
\pgf@zy=\dimen272
)
(C:\Users\NICOLAS YODA\AppData\Local\Programs\MiKTeX\tex/generic/pgf/basiclayer
\pgfcorepathconstruct.code.tex
File: pgfcorepathconstruct.code.tex 2023-01-15 v3.1.10 (3.1.10)
\pgf@path@lastx=\dimen273
\pgf@path@lasty=\dimen274
)
(C:\Users\NICOLAS YODA\AppData\Local\Programs\MiKTeX\tex/generic/pgf/basiclayer
\pgfcorepathusage.code.tex
File: pgfcorepathusage.code.tex 2023-01-15 v3.1.10 (3.1.10)
\pgf@shorten@end@additional=\dimen275
\pgf@shorten@start@additional=\dimen276
)
(C:\Users\NICOLAS YODA\AppData\Local\Programs\MiKTeX\tex/generic/pgf/basiclayer
\pgfcorescopes.code.tex
File: pgfcorescopes.code.tex 2023-01-15 v3.1.10 (3.1.10)
\pgfpic=\box61
\pgf@hbox=\box62
\pgf@layerbox@main=\box63
\pgf@picture@serial@count=\count331
)
(C:\Users\NICOLAS YODA\AppData\Local\Programs\MiKTeX\tex/generic/pgf/basiclayer
\pgfcoregraphicstate.code.tex
File: pgfcoregraphicstate.code.tex 2023-01-15 v3.1.10 (3.1.10)
\pgflinewidth=\dimen277
)
(C:\Users\NICOLAS YODA\AppData\Local\Programs\MiKTeX\tex/generic/pgf/basiclayer
\pgfcoretransformations.code.tex
File: pgfcoretransformations.code.tex 2023-01-15 v3.1.10 (3.1.10)
\pgf@pt@x=\dimen278
\pgf@pt@y=\dimen279
\pgf@pt@temp=\dimen280
)
(C:\Users\NICOLAS YODA\AppData\Local\Programs\MiKTeX\tex/generic/pgf/basiclayer
\pgfcorequick.code.tex
File: pgfcorequick.code.tex 2023-01-15 v3.1.10 (3.1.10)
)
(C:\Users\NICOLAS YODA\AppData\Local\Programs\MiKTeX\tex/generic/pgf/basiclayer
\pgfcoreobjects.code.tex
File: pgfcoreobjects.code.tex 2023-01-15 v3.1.10 (3.1.10)
)
(C:\Users\NICOLAS YODA\AppData\Local\Programs\MiKTeX\tex/generic/pgf/basiclayer
\pgfcorepathprocessing.code.tex
File: pgfcorepathprocessing.code.tex 2023-01-15 v3.1.10 (3.1.10)
)
(C:\Users\NICOLAS YODA\AppData\Local\Programs\MiKTeX\tex/generic/pgf/basiclayer
\pgfcorearrows.code.tex
File: pgfcorearrows.code.tex 2023-01-15 v3.1.10 (3.1.10)
\pgfarrowsep=\dimen281
)
(C:\Users\NICOLAS YODA\AppData\Local\Programs\MiKTeX\tex/generic/pgf/basiclayer
\pgfcoreshade.code.tex
File: pgfcoreshade.code.tex 2023-01-15 v3.1.10 (3.1.10)
\pgf@max=\dimen282
\pgf@sys@shading@range@num=\count332
\pgf@shadingcount=\count333
)
(C:\Users\NICOLAS YODA\AppData\Local\Programs\MiKTeX\tex/generic/pgf/basiclayer
\pgfcoreimage.code.tex
File: pgfcoreimage.code.tex 2023-01-15 v3.1.10 (3.1.10)
)
(C:\Users\NICOLAS YODA\AppData\Local\Programs\MiKTeX\tex/generic/pgf/basiclayer
\pgfcoreexternal.code.tex
File: pgfcoreexternal.code.tex 2023-01-15 v3.1.10 (3.1.10)
\pgfexternal@startupbox=\box64
)
(C:\Users\NICOLAS YODA\AppData\Local\Programs\MiKTeX\tex/generic/pgf/basiclayer
\pgfcorelayers.code.tex
File: pgfcorelayers.code.tex 2023-01-15 v3.1.10 (3.1.10)
)
(C:\Users\NICOLAS YODA\AppData\Local\Programs\MiKTeX\tex/generic/pgf/basiclayer
\pgfcoretransparency.code.tex
File: pgfcoretransparency.code.tex 2023-01-15 v3.1.10 (3.1.10)
)
(C:\Users\NICOLAS YODA\AppData\Local\Programs\MiKTeX\tex/generic/pgf/basiclayer
\pgfcorepatterns.code.tex
File: pgfcorepatterns.code.tex 2023-01-15 v3.1.10 (3.1.10)
)
(C:\Users\NICOLAS YODA\AppData\Local\Programs\MiKTeX\tex/generic/pgf/basiclayer
\pgfcorerdf.code.tex
File: pgfcorerdf.code.tex 2023-01-15 v3.1.10 (3.1.10)
)))
(C:\Users\NICOLAS YODA\AppData\Local\Programs\MiKTeX\tex/generic/pgf/modules\pg
fmoduleshapes.code.tex
File: pgfmoduleshapes.code.tex 2023-01-15 v3.1.10 (3.1.10)
\pgfnodeparttextbox=\box65
)
(C:\Users\NICOLAS YODA\AppData\Local\Programs\MiKTeX\tex/generic/pgf/modules\pg
fmoduleplot.code.tex
File: pgfmoduleplot.code.tex 2023-01-15 v3.1.10 (3.1.10)
)
(C:\Users\NICOLAS YODA\AppData\Local\Programs\MiKTeX\tex/latex/pgf/compatibilit
y\pgfcomp-version-0-65.sty
Package: pgfcomp-version-0-65 2023-01-15 v3.1.10 (3.1.10)
\pgf@nodesepstart=\dimen283
\pgf@nodesepend=\dimen284
)
(C:\Users\NICOLAS YODA\AppData\Local\Programs\MiKTeX\tex/latex/pgf/compatibilit
y\pgfcomp-version-1-18.sty
Package: pgfcomp-version-1-18 2023-01-15 v3.1.10 (3.1.10)
))
(C:\Users\NICOLAS YODA\AppData\Local\Programs\MiKTeX\tex/latex/tools\verbatim.s
ty
Package: verbatim 2023-11-06 v1.5v LaTeX2e package for verbatim enhancements
\every@verbatim=\toks51
\verbatim@line=\toks52
\verbatim@in@stream=\read4
)
\tcb@titlebox=\box66
\tcb@upperbox=\box67
\tcb@lowerbox=\box68
\tcb@phantombox=\box69
\c@tcbbreakpart=\count334
\c@tcblayer=\count335
\c@tcolorbox@number=\count336
\l__tcobox_tmpa_box=\box70
\l__tcobox_tmpa_dim=\dimen285
\tcb@temp=\box71
\tcb@temp=\box72
\tcb@temp=\box73
\tcb@temp=\box74

(C:\Users\NICOLAS YODA\AppData\Local\Programs\MiKTeX\tex/latex/tcolorbox\tcbski
ns.code.tex
Library (tcolorbox): 'tcbskins.code.tex' version '6.2.0'

(C:\Users\NICOLAS YODA\AppData\Local\Programs\MiKTeX\tex/latex/pgf/frontendlaye
r\tikz.sty
(C:\Users\NICOLAS YODA\AppData\Local\Programs\MiKTeX\tex/latex/pgf/utilities\pg
ffor.sty
(C:\Users\NICOLAS YODA\AppData\Local\Programs\MiKTeX\tex/latex/pgf/utilities\pg
fkeys.sty
(C:\Users\NICOLAS YODA\AppData\Local\Programs\MiKTeX\tex/generic/pgf/utilities\
pgfkeys.code.tex))
(C:\Users\NICOLAS YODA\AppData\Local\Programs\MiKTeX\tex/latex/pgf/math\pgfmath
.sty
(C:\Users\NICOLAS YODA\AppData\Local\Programs\MiKTeX\tex/generic/pgf/math\pgfma
th.code.tex))
(C:\Users\NICOLAS YODA\AppData\Local\Programs\MiKTeX\tex/generic/pgf/utilities\
pgffor.code.tex
Package: pgffor 2023-01-15 v3.1.10 (3.1.10)
\pgffor@iter=\dimen286
\pgffor@skip=\dimen287
\pgffor@stack=\toks53
\pgffor@toks=\toks54
))
(C:\Users\NICOLAS YODA\AppData\Local\Programs\MiKTeX\tex/generic/pgf/frontendla
yer/tikz\tikz.code.tex
Package: tikz 2023-01-15 v3.1.10 (3.1.10)

(C:\Users\NICOLAS YODA\AppData\Local\Programs\MiKTeX\tex/generic/pgf/libraries\
pgflibraryplothandlers.code.tex
File: pgflibraryplothandlers.code.tex 2023-01-15 v3.1.10 (3.1.10)
\pgf@plot@mark@count=\count337
\pgfplotmarksize=\dimen288
)
\tikz@lastx=\dimen289
\tikz@lasty=\dimen290
\tikz@lastxsaved=\dimen291
\tikz@lastysaved=\dimen292
\tikz@lastmovetox=\dimen293
\tikz@lastmovetoy=\dimen294
\tikzleveldistance=\dimen295
\tikzsiblingdistance=\dimen296
\tikz@figbox=\box75
\tikz@figbox@bg=\box76
\tikz@tempbox=\box77
\tikz@tempbox@bg=\box78
\tikztreelevel=\count338
\tikznumberofchildren=\count339
\tikznumberofcurrentchild=\count340
\tikz@fig@count=\count341

(C:\Users\NICOLAS YODA\AppData\Local\Programs\MiKTeX\tex/generic/pgf/modules\pg
fmodulematrix.code.tex
File: pgfmodulematrix.code.tex 2023-01-15 v3.1.10 (3.1.10)
\pgfmatrixcurrentrow=\count342
\pgfmatrixcurrentcolumn=\count343
\pgf@matrix@numberofcolumns=\count344
)
\tikz@expandcount=\count345

(C:\Users\NICOLAS YODA\AppData\Local\Programs\MiKTeX\tex/generic/pgf/frontendla
yer/tikz/libraries\tikzlibrarytopaths.code.tex
File: tikzlibrarytopaths.code.tex 2023-01-15 v3.1.10 (3.1.10)
)))
(C:\Users\NICOLAS YODA\AppData\Local\Programs\MiKTeX\tex/latex/tikzfill\tikzfil
l.image.sty
Package: tikzfill.image 2023/08/08 v1.0.1 Image filling library for TikZ

(C:\Users\NICOLAS YODA\AppData\Local\Programs\MiKTeX\tex/latex/tikzfill\tikzfil
l-common.sty
Package: tikzfill-common 2023/08/08 v1.0.1 Auxiliary code for tikzfill
)
(C:\Users\NICOLAS YODA\AppData\Local\Programs\MiKTeX\tex/latex/tikzfill\tikzlib
raryfill.image.code.tex
File: tikzlibraryfill.image.code.tex 2023/08/08 v1.0.1 Image filling library
\l__tikzfill_img_box=\box79
))
(C:\Users\NICOLAS YODA\AppData\Local\Programs\MiKTeX\tex/latex/tcolorbox\tcbski
nsjigsaw.code.tex
Library (tcolorbox): 'tcbskinsjigsaw.code.tex' version '6.2.0'
)))
(C:\Users\NICOLAS YODA\AppData\Local\Programs\MiKTeX\tex/latex/adjustbox\adjust
box.sty
Package: adjustbox 2022/10/17 v1.3a Adjusting TeX boxes (trim, clip, ...)

(C:\Users\NICOLAS YODA\AppData\Local\Programs\MiKTeX\tex/latex/xkeyval\xkeyval.
sty
Package: xkeyval 2022/06/16 v2.9 package option processing (HA)

(C:\Users\NICOLAS YODA\AppData\Local\Programs\MiKTeX\tex/generic/xkeyval\xkeyva
l.tex
(C:\Users\NICOLAS YODA\AppData\Local\Programs\MiKTeX\tex/generic/xkeyval\xkvuti
ls.tex
\XKV@toks=\toks55
\XKV@tempa@toks=\toks56
)
\XKV@depth=\count346
File: xkeyval.tex 2014/12/03 v2.7a key=value parser (HA)
))
(C:\Users\NICOLAS YODA\AppData\Local\Programs\MiKTeX\tex/latex/adjustbox\adjcal
c.sty
Package: adjcalc 2012/05/16 v1.1 Provides advanced setlength with multiple back
-ends (calc, etex, pgfmath)
)
(C:\Users\NICOLAS YODA\AppData\Local\Programs\MiKTeX\tex/latex/adjustbox\trimcl
ip.sty
Package: trimclip 2020/08/19 v1.2 Trim and clip general TeX material

(C:\Users\NICOLAS YODA\AppData\Local\Programs\MiKTeX\tex/latex/collectbox\colle
ctbox.sty
Package: collectbox 2022/10/17 v0.4c Collect macro arguments as boxes
\collectedbox=\box80
)
\tc@llx=\dimen297
\tc@lly=\dimen298
\tc@urx=\dimen299
\tc@ury=\dimen300
Package trimclip Info: Using driver 'tc-pdftex.def'.

(C:\Users\NICOLAS YODA\AppData\Local\Programs\MiKTeX\tex/latex/adjustbox\tc-pdf
tex.def
File: tc-pdftex.def 2019/01/04 v2.2 Clipping driver for pdftex
))
\adjbox@Width=\dimen301
\adjbox@Height=\dimen302
\adjbox@Depth=\dimen303
\adjbox@Totalheight=\dimen304
\adjbox@pwidth=\dimen305
\adjbox@pheight=\dimen306
\adjbox@pdepth=\dimen307
\adjbox@ptotalheight=\dimen308

(C:\Users\NICOLAS YODA\AppData\Local\Programs\MiKTeX\tex/latex/ifoddpage\ifoddp
age.sty
Package: ifoddpage 2022/10/18 v1.2 Conditionals for odd/even page detection
\c@checkoddpage=\count347
)
(C:\Users\NICOLAS YODA\AppData\Local\Programs\MiKTeX\tex/latex/varwidth\varwidt
h.sty
Package: varwidth 2009/03/30 ver 0.92;  Variable-width minipages
\@vwid@box=\box81
\sift@deathcycles=\count348
\@vwid@loff=\dimen309
\@vwid@roff=\dimen310
))
(C:\Users\NICOLAS YODA\AppData\Local\Programs\MiKTeX\tex/latex/setspace\setspac
e.sty
Package: setspace 2022/12/04 v6.7b set line spacing
)
(C:\Users\NICOLAS YODA\AppData\Local\Programs\MiKTeX\tex/latex/minted\minted.st
y
Package: minted 2023/12/18 v2.9 Yet another Pygments shim for LaTeX

(C:\Users\NICOLAS YODA\AppData\Local\Programs\MiKTeX\tex/latex/fvextra\fvextra.
sty
Package: fvextra 2024/05/16 v1.7.0 fvextra - extensions and patches for fancyvr
b

(C:\Users\NICOLAS YODA\AppData\Local\Programs\MiKTeX\tex/latex/fancyvrb\fancyvr
b.sty
Package: fancyvrb 2024/01/20 4.5c verbatim text (tvz,hv)
\FV@CodeLineNo=\count349
\FV@InFile=\read5
\FV@TabBox=\box82
\c@FancyVerbLine=\count350
\FV@StepNumber=\count351
\FV@OutFile=\write5
)
(C:\Users\NICOLAS YODA\AppData\Local\Programs\MiKTeX\tex/latex/upquote\upquote.
sty
Package: upquote 2012/04/19 v1.3 upright-quote and grave-accent glyphs in verba
tim

(C:\Users\NICOLAS YODA\AppData\Local\Programs\MiKTeX\tex/latex/base\textcomp.st
y
Package: textcomp 2020/02/02 v2.0n Standard LaTeX package
))
(C:\Users\NICOLAS YODA\AppData\Local\Programs\MiKTeX\tex/latex/lineno\lineno.st
y
Package: lineno 2023/05/20 line numbers on paragraphs v5.3
\linenopenalty=\count352
\output=\toks57
\linenoprevgraf=\count353
\linenumbersep=\dimen311
\linenumberwidth=\dimen312
\c@linenumber=\count354
\c@pagewiselinenumber=\count355
\c@LN@truepage=\count356
\c@internallinenumber=\count357
\c@internallinenumbers=\count358
\quotelinenumbersep=\dimen313
\bframerule=\dimen314
\bframesep=\dimen315
\bframebox=\box83
LaTeX Info: Redefining \\ on input line 3180.
)
\c@FancyVerbWriteLine=\count359
\c@FancyVerbBufferIndex=\count360
\c@FancyVerbBufferLength=\count361
\c@FancyVerbBufferLine=\count362
\c@FV@oldbufferlength=\count363
\c@FV@TrueTabGroupLevel=\count364
\c@FV@TrueTabCounter=\count365
\FV@TabBox@Group=\box84
\FV@TmpLength=\skip80
\c@FV@HighlightLinesStart=\count366
\c@FV@HighlightLinesStop=\count367
\FV@LoopCount=\count368
\FV@NCharsBox=\box85
\FV@BreakIndent=\dimen316
\FV@BreakIndentNChars=\count369
\FV@BreakSymbolSepLeft=\dimen317
\FV@BreakSymbolSepLeftNChars=\count370
\FV@BreakSymbolSepRight=\dimen318
\FV@BreakSymbolSepRightNChars=\count371
\FV@BreakSymbolIndentLeft=\dimen319
\FV@BreakSymbolIndentLeftNChars=\count372
\FV@BreakSymbolIndentRight=\dimen320
\FV@BreakSymbolIndentRightNChars=\count373
\c@FancyVerbLineBreakLast=\count374
\FV@LineBox=\box86
\FV@LineIndentBox=\box87
\c@FV@BreakBufferDepth=\count375
\FV@LineWidth=\dimen321
)
(C:\Users\NICOLAS YODA\AppData\Local\Programs\MiKTeX\tex/latex/tools\shellesc.s
ty
Package: shellesc 2023/07/08 v1.0d unified shell escape interface for LaTeX
Package shellesc Info: Unrestricted shell escape enabled on input line 75.
)
(C:\Users\NICOLAS YODA\AppData\Local\Programs\MiKTeX\tex/latex/ifplatform\ifpla
tform.sty
Package: ifplatform 2017/10/13 v0.4a Testing for the operating system

(C:\Users\NICOLAS YODA\AppData\Local\Programs\MiKTeX\tex/generic/catchfile\catc
hfile.sty
Package: catchfile 2019/12/09 v1.8 Catch the contents of a file (HO)

(C:\Users\NICOLAS YODA\AppData\Local\Programs\MiKTeX\tex/generic/etexcmds\etexc
mds.sty
Package: etexcmds 2019/12/15 v1.7 Avoid name clashes with e-TeX commands (HO)
))
(C:\Users\NICOLAS YODA\AppData\Local\Programs\MiKTeX\tex/generic/iftex\ifluatex
.sty
Package: ifluatex 2019/10/25 v1.5 ifluatex legacy package. Use iftex instead.
))
(C:\Users\NICOLAS YODA\AppData\Local\Programs\MiKTeX\tex/latex/framed\framed.st
y
Package: framed 2011/10/22 v 0.96: framed or shaded text with page breaks
\OuterFrameSep=\skip81
\fb@frw=\dimen322
\fb@frh=\dimen323
\FrameRule=\dimen324
\FrameSep=\dimen325
)
(C:\Users\NICOLAS YODA\AppData\Local\Programs\MiKTeX\tex/latex/float\float.sty
Package: float 2001/11/08 v1.3d Float enhancements (AL)
\c@float@type=\count376
\float@exts=\toks58
\float@box=\box88
\@float@everytoks=\toks59
\@floatcapt=\box89
)
\minted@appexistsfile=\read6
\minted@bgbox=\box90
\minted@code=\write6
\c@minted@FancyVerbLineTemp=\count377
\c@minted@pygmentizecounter=\count378
\@float@every@listing=\toks60
\c@listing=\count379
)
runsystem(if not exist _minted-main mkdir _minted-main)...executed.


(C:\Users\NICOLAS YODA\AppData\Local\Programs\MiKTeX\tex/latex/tools\tabularx.s
ty
Package: tabularx 2023/07/08 v2.11c `tabularx' package (DPC)
\TX@col@width=\dimen326
\TX@old@table=\dimen327
\TX@old@col=\dimen328
\TX@target=\dimen329
\TX@delta=\dimen330
\TX@cols=\count380
\TX@ftn=\toks61
)
(C:\Users\NICOLAS YODA\AppData\Local\Programs\MiKTeX\tex/latex/ctable\ctable.st
y
Package: ctable 2015/10/17 v1.31 ctable package for flexible typesetting of tab
le and figure floats using key/value directives

(C:\Users\NICOLAS YODA\AppData\Local\Programs\MiKTeX\tex/generic/iftex\ifpdf.st
y
Package: ifpdf 2019/10/25 v3.4 ifpdf legacy package. Use iftex instead.
)
(C:\Users\NICOLAS YODA\AppData\Local\Programs\MiKTeX\tex/latex/booktabs\booktab
s.sty
Package: booktabs 2020/01/12 v1.61803398 Publication quality tables
\heavyrulewidth=\dimen331
\lightrulewidth=\dimen332
\cmidrulewidth=\dimen333
\belowrulesep=\dimen334
\belowbottomsep=\dimen335
\aboverulesep=\dimen336
\abovetopsep=\dimen337
\cmidrulesep=\dimen338
\cmidrulekern=\dimen339
\defaultaddspace=\dimen340
\@cmidla=\count381
\@cmidlb=\count382
\@aboverulesep=\dimen341
\@belowrulesep=\dimen342
\@thisruleclass=\count383
\@lastruleclass=\count384
\@thisrulewidth=\dimen343
)
(C:\Users\NICOLAS YODA\AppData\Local\Programs\MiKTeX\tex/latex/graphics\rotatin
g.sty
Package: rotating 2016/08/11 v2.16d rotated objects in LaTeX
\c@r@tfl@t=\count385
\rotFPtop=\skip82
\rotFPbot=\skip83
\rot@float@box=\box91
\rot@mess@toks=\toks62
)
\@CTframesep=\dimen344
\@dfltCTframesep=\dimen345
\@CTframerule=\dimen346
\@dfltCTframerule=\dimen347
\@CTwidth=\dimen348
\@dfltCTwidth=\dimen349
\@CTcaptionskip=\dimen350
\@dfltCTcaptionskip=\dimen351
\@CTmaxwidth=\dimen352
\@dfltCTmaxwidth=\dimen353
\@CTmincapwidth=\dimen354
\@dfltCTmincapwidth=\dimen355
\@CTfooterwidth=\dimen356
\@dfltCTfooterwidth=\dimen357
\@CTw=\dimen358
\@CTfloatwidth=\dimen359
\@CToldsep=\dimen360
\@CToldrule=\dimen361
\CT@t=\box92
\@CTcurftwidth=\dimen362
)
(C:\Users\NICOLAS YODA\AppData\Local\Programs\MiKTeX\tex/latex/multirow\multiro
w.sty
Package: multirow 2021/03/15 v2.8 Span multiple rows of a table
\multirow@colwidth=\skip84
\multirow@cntb=\count386
\multirow@dima=\skip85
\bigstrutjot=\dimen363
)
(C:\Users\NICOLAS YODA\AppData\Local\Programs\MiKTeX\tex/latex/seqsplit\seqspli
t.sty
Package: seqsplit 2006/08/07 v0.1 Splitting long sequences (DNA, RNA, proteins,
 etc.) 
)
(C:\Users\NICOLAS YODA\AppData\Local\Programs\MiKTeX\tex/latex/base\fontenc.sty
Package: fontenc 2021/04/29 v2.0v Standard LaTeX package
)
(C:\Users\NICOLAS YODA\AppData\Local\Programs\MiKTeX\tex/latex/wrapfig\wrapfig.
sty
\wrapoverhang=\dimen364
\WF@size=\dimen365
\c@WF@wrappedlines=\count387
\WF@box=\box93
\WF@everypar=\toks63
Package: wrapfig 2003/01/31  v 3.6
)
(C:\Users\NICOLAS YODA\AppData\Local\Programs\MiKTeX\tex/latex/nowidow\nowidow.
sty
Package: nowidow 2011/09/20 1.0 Easily prevent widows and orphans
Package: nowidow 
)
(C:\Users\NICOLAS YODA\AppData\Local\Programs\MiKTeX\tex/latex/ragged2e\ragged2
e.sty
Package: ragged2e 2023/06/22 v3.6 ragged2e Package
\CenteringLeftskip=\skip86
\RaggedLeftLeftskip=\skip87
\RaggedRightLeftskip=\skip88
\CenteringRightskip=\skip89
\RaggedLeftRightskip=\skip90
\RaggedRightRightskip=\skip91
\CenteringParfillskip=\skip92
\RaggedLeftParfillskip=\skip93
\RaggedRightParfillskip=\skip94
\JustifyingParfillskip=\skip95
\CenteringParindent=\skip96
\RaggedLeftParindent=\skip97
\RaggedRightParindent=\skip98
\JustifyingParindent=\skip99
)
(C:\Users\NICOLAS YODA\AppData\Local\Programs\MiKTeX\tex/latex/appendix\appendi
x.sty
Package: appendix 2020/02/08 v1.2c extra appendix facilities
\c@@pps=\count388
\c@@ppsavesec=\count389
\c@@ppsaveapp=\count390
)
\BoxWd=\skip100
\Aux=\skip101
) (Commands.tex)
Package minitoc Info: I0024
(minitoc)             PREPARING MINITOCS FROM main.toc on input line 26.
Package minitoc Info: I0033
(minitoc)             Writing main.mtc1.
\openout3 = `main.mtc1'.

Package minitoc Info: I0033
(minitoc)             Writing main.mtc2.
\openout3 = `main.mtc2'.

Package minitoc Info: I0033
(minitoc)             Writing main.mtc3.
\openout3 = `main.mtc3'.

Package minitoc Info: I0033
(minitoc)             Writing main.mtc4.
\openout3 = `main.mtc4'.

Package minitoc Info: I0033
(minitoc)             Writing main.mtc5.
\openout3 = `main.mtc5'.

Package minitoc Info: I0033
(minitoc)             Writing main.mtc6.
\openout3 = `main.mtc6'.

Package minitoc Info: I0033
(minitoc)             Writing main.mtc7.
\openout3 = `main.mtc7'.

Package minitoc Info: I0033
(minitoc)             Writing main.mtc8.
\openout3 = `main.mtc8'.

Package minitoc Info: I0033
(minitoc)             Writing main.mtc9.
\openout3 = `main.mtc9'.

Package minitoc Info: I0033
(minitoc)             Writing main.mtc10.
\openout3 = `main.mtc10'.

runsystem(for ^%i in (pygmentize.exe pygmentize.bat pygmentize.cmd) do set > ma
in.aex <nul: /p x=^%~$PATH:i>> main.aex)...executed.

runsystem(del main.aex)...executed.

LaTeX Font Info:    Trying to load font information for T1+ptm on input line 26
.

(C:\Users\NICOLAS YODA\AppData\Local\Programs\MiKTeX\tex/latex/psnfss\t1ptm.fd
File: t1ptm.fd 2001/06/04 font definitions for T1/ptm.
)
(C:\Users\NICOLAS YODA\AppData\Local\Programs\MiKTeX\tex/latex/l3backend\l3back
end-pdftex.def
File: l3backend-pdftex.def 2024-01-04 L3 backend support: PDF output (pdfTeX)
\l__color_backend_stack_int=\count391
\l__pdf_internal_box=\box94
) (main.aux)
\openout1 = `main.aux'.

LaTeX Font Info:    Checking defaults for OML/cmm/m/it on input line 26.
LaTeX Font Info:    ... okay on input line 26.
LaTeX Font Info:    Checking defaults for OMS/cmsy/m/n on input line 26.
LaTeX Font Info:    ... okay on input line 26.
LaTeX Font Info:    Checking defaults for OT1/cmr/m/n on input line 26.
LaTeX Font Info:    ... okay on input line 26.
LaTeX Font Info:    Checking defaults for T1/cmr/m/n on input line 26.
LaTeX Font Info:    ... okay on input line 26.
LaTeX Font Info:    Checking defaults for TS1/cmr/m/n on input line 26.
LaTeX Font Info:    ... okay on input line 26.
LaTeX Font Info:    Checking defaults for OMX/cmex/m/n on input line 26.
LaTeX Font Info:    ... okay on input line 26.
LaTeX Font Info:    Checking defaults for U/cmr/m/n on input line 26.
LaTeX Font Info:    ... okay on input line 26.
LaTeX Font Info:    Checking defaults for PD1/pdf/m/n on input line 26.
LaTeX Font Info:    ... okay on input line 26.
LaTeX Font Info:    Checking defaults for PU/pdf/m/n on input line 26.
LaTeX Font Info:    ... okay on input line 26.

*geometry* driver: auto-detecting
*geometry* detected driver: pdftex
*geometry* verbose mode - [ preamble ] result:
* driver: pdftex
* paper: a4paper
* layout: <same size as paper>
* layoutoffset:(h,v)=(0.0pt,0.0pt)
* modes: 
* h-part:(L,W,R)=(71.13188pt, 455.24411pt, 71.13188pt)
* v-part:(T,H,B)=(71.13188pt, 702.78308pt, 71.13188pt)
* \paperwidth=597.50787pt
* \paperheight=845.04684pt
* \textwidth=455.24411pt
* \textheight=702.78308pt
* \oddsidemargin=-1.1381pt
* \evensidemargin=-1.1381pt
* \topmargin=-38.1381pt
* \headheight=12.0pt
* \headsep=25.0pt
* \topskip=12.0pt
* \footskip=30.0pt
* \marginparwidth=35.0pt
* \marginparsep=10.0pt
* \columnsep=10.0pt
* \skip\footins=10.8pt plus 4.0pt minus 2.0pt
* \hoffset=0.0pt
* \voffset=0.0pt
* \mag=1000
* \@twocolumnfalse
* \@twosidefalse
* \@mparswitchfalse
* \@reversemarginfalse
* (1in=72.27pt=25.4mm, 1cm=28.453pt)


(C:\Users\NICOLAS YODA\AppData\Local\Programs\MiKTeX\tex/context/base/mkii\supp
-pdf.mkii
[Loading MPS to PDF converter (version 2006.09.02).]
\scratchcounter=\count392
\scratchdimen=\dimen366
\scratchbox=\box95
\nofMPsegments=\count393
\nofMParguments=\count394
\everyMPshowfont=\toks64
\MPscratchCnt=\count395
\MPscratchDim=\dimen367
\MPnumerator=\count396
\makeMPintoPDFobject=\count397
\everyMPtoPDFconversion=\toks65
)
(C:\Users\NICOLAS YODA\AppData\Local\Programs\MiKTeX\tex/latex/epstopdf-pkg\eps
topdf-base.sty
Package: epstopdf-base 2020-01-24 v2.11 Base part for package epstopdf

(C:\Users\NICOLAS YODA\AppData\Local\Programs\MiKTeX\tex/latex/grfext\grfext.st
y
Package: grfext 2019/12/03 v1.3 Manage graphics extensions (HO)
)
Package epstopdf-base Info: Redefining graphics rule for `.eps' on input line 4
85.
Package grfext Info: Graphics extension search list:
(grfext)             [.pdf,.png,.jpg,.mps,.jpeg,.jbig2,.jb2,.PDF,.PNG,.JPG,.JPE
G,.JBIG2,.JB2,.eps]
(grfext)             \AppendGraphicsExtensions on input line 504.

(C:\Users\NICOLAS YODA\AppData\Local\Programs\MiKTeX\tex/latex/00miktex\epstopd
f-sys.cfg
File: epstopdf-sys.cfg 2021/03/18 v2.0 Configuration of epstopdf for MiKTeX
))
Package caption Info: Begin \AtBeginDocument code.
Package caption Info: french babel package is loaded.
Package caption Info: float package is loaded.
Package caption Info: hyperref package is loaded.
Package caption Info: rotating package is loaded.
Package caption Info: wrapfig package is loaded.
Package caption Info: End \AtBeginDocument code.
Package hyperref Info: Link coloring OFF on input line 26.
 (main.out) (main.out)
\@outlinefile=\write7
\openout7 = `main.out'.


(C:\Users\NICOLAS YODA\AppData\Local\Programs\MiKTeX\tex/latex/pdflscape\pdflsc
ape.sty
Package: pdflscape 2022-10-27 v0.13 Display of landscape pages in PDF

(C:\Users\NICOLAS YODA\AppData\Local\Programs\MiKTeX\tex/latex/pdflscape\pdflsc
ape-nometadata.sty
Package: pdflscape-nometadata 2022-10-28 v0.13 Display of landscape pages in PD
F (HO)

(C:\Users\NICOLAS YODA\AppData\Local\Programs\MiKTeX\tex/latex/graphics\lscape.
sty
Package: lscape 2020/05/28 v3.02 Landscape Pages (DPC)
)
Package pdflscape Info: Auto-detected driver: pdftex on input line 81.
))
LaTeX Info: Redefining \degres on input line 26.
Package french.ldf Info: Setting StandardItemizeEnv=true for
(french.ldf)             compatibility with enumitem package,
(french.ldf)             reported on input line 26.
Package french.ldf Info: Setting StandardEnumerateEnv=true for
(french.ldf)             compatibility with enumitem package,
(french.ldf)             reported on input line 26.
LaTeX Info: Redefining \up on input line 26.
Package minitoc(hints) Info: I0049
(minitoc(hints))             ==> You requested the hints option. 
(minitoc(hints))             Some hints are eventually given below.
Package minitoc(hints) Info: I0042
(minitoc(hints))             --- The appendix package is loaded. 
(minitoc(hints))             See the minitoc package documentation 
(minitoc(hints))             for specific precautions.
 (chapitre/00-PageDeGarde.tex
Overfull \vbox (98.5084pt too high) detected at line 85
 []


Overfull \vbox (98.5084pt too high) detected at line 85
 []

File: universite-norbert-zongo-removebg-preview.png Graphic file (type png)
<use universite-norbert-zongo-removebg-preview.png>
Package pdftex.def Info: universite-norbert-zongo-removebg-preview.png  used on
 input line 85.
(pdftex.def)             Requested size: 142.26508pt x 113.80838pt.

Overfull \hbox (5.69046pt too wide) in paragraph at lines 85--85
 []|[]| 
 []


Overfull \vbox (98.5084pt too high) detected at line 85
 []


Overfull \hbox (18.22058pt too wide) in alignment at lines 85--85
[][][][][] 
 []

[1

{C:/Users/NICOLAS YODA/AppData/Local/MiKTeX/fonts/map/pdftex/pdftex.map}{C:/Use
rs/NICOLAS YODA/AppData/Local/Programs/MiKTeX/fonts/enc/dvips/base/8r.enc} <./u
niversite-norbert-zongo-removebg-preview.png>]) (chapitre/01-Dedication.tex
LaTeX Font Info:    Calculating math sizes for size <26> on input line 1.
LaTeX Font Info:    External font `cmex10' loaded for size
(Font)              <26> on input line 1.
LaTeX Font Info:    External font `cmex10' loaded for size
(Font)              <18.19992> on input line 1.
LaTeX Font Info:    External font `cmex10' loaded for size
(Font)              <13> on input line 1.

Underfull \hbox (badness 10000) in paragraph at lines 1--1

 []

) (chapitre/02-Remerciement.tex [1

]
Underfull \hbox (badness 10000) in paragraph at lines 1--1

 []


Overfull \hbox (7.34871pt too wide) in paragraph at lines 7--13
[]\T1/ptm/m/n/12 Nous te-nons  ex-pri-mer notre pro-fonde re-con-nais-sance  
notre pres-ti-gieuse Uni-ver-sit Nor-bert
 []

) [2

]
Underfull \hbox (badness 10000) in paragraph at lines 38--38

 []

(main.toc
LaTeX Font Info:    External font `cmex10' loaded for size
(Font)              <12> on input line 7.
LaTeX Font Info:    External font `cmex10' loaded for size
(Font)              <8> on input line 7.
 [3

])
\tf@toc=\write8
\openout8 = `main.toc'.

 [4]
Underfull \hbox (badness 10000) in paragraph at lines 44--44

 []

(main.lot)
\tf@lot=\write9
\openout9 = `main.lot'.

 [5

]
Underfull \hbox (badness 10000) in paragraph at lines 52--52

 []

(main.lof)
\tf@lof=\write10
\openout10 = `main.lof'.

 (chapitre/03-ListeDesAbr2.tex [6

]
Underfull \hbox (badness 10000) in paragraph at lines 1--1

 []


Overfull \hbox (2.957pt too wide) in paragraph at lines 55--57
[]\T1/ptm/m/n/12 MET/GEH : Ma-na-ge-ment des En-tre-prises Tou-ris-tiques/ Ges-
tion des En-tre-prises H-te-lires
 []


Underfull \hbox (badness 10000) in paragraph at lines 55--57

 []

[7

]) (chapitre/04-IntroductionGeneral.tex [8]
Underfull \hbox (badness 10000) in paragraph at lines 1--1

 []


Overfull \hbox (17.65868pt too wide) in paragraph at lines 9--9
\T1/ptm/m/n/12 conser-va-tion et la dif-fu-sion de cette re-cherche les contrai
nt  adap-ter leurs m-thodes d'ap-pren-tis-sage
 []


Overfull \hbox (13.02397pt too wide) in paragraph at lines 13--23
[]\T1/ptm/m/n/12 Notre rap-port, sous le thme : ^^S Ap-pli-ca-tion web des m-
moires et thses sou-te-nue  l'Uni-ver-sit
 []


Overfull \hbox (9.19919pt too wide) in paragraph at lines 13--23
\T1/ptm/m/n/12 - Un sixime cha-pitre dans le-quel il sera ques-tion de concep-
tion. Nous par-le-rons de la struc-tu-ra-tion
 []

[9

]) (chapitre/05-Chapitre1.tex
pdfTeX warning (ext4): destination with the same identifier (name{page.1}) has 
been already used, duplicate ignored
<to be read again> 
                   \relax 
l.1 \chapter
            {Prsentation de la structure hte} [1]
Chapitre 1.

Underfull \hbox (badness 10000) in paragraph at lines 1--1

 []

\openout3 = `main.mtc'.

\openout3 = `main.mtc'.

LaTeX Font Info:    External font `cmex10' loaded for size
(Font)              <10.95> on input line 5.
(main.mtc4) [2

]
LaTeX Font Info:    Trying to load font information for TS1+ptm on input line 1
2.

(C:\Users\NICOLAS YODA\AppData\Local\Programs\MiKTeX\tex/latex/psnfss\ts1ptm.fd
File: ts1ptm.fd 2001/06/04 font definitions for TS1/ptm.
)
Overfull \hbox (30.47168pt too wide) in paragraph at lines 12--13
[]\T1/ptm/m/n/12 Cre par d-cret N\TS1/ptm/m/n/12  \T1/ptm/m/n/12 2005-460/P
RES/PM/ MESSRS/MFB le 31 aot 2005, suite  la trans-for-ma-tion
 []


Underfull \hbox (badness 10000) in paragraph at lines 21--22

 []


Underfull \hbox (badness 10000) in paragraph at lines 23--24

 []


Underfull \hbox (badness 10000) in paragraph at lines 25--26

 []


Underfull \hbox (badness 10000) in paragraph at lines 27--28

 []

[3]
Overfull \hbox (6.59435pt too wide) in paragraph at lines 29--30
[]\T1/ptm/b/n/12 Pr Ni-co-las BARRO\T1/ptm/m/n/12 , pr-sident de l'Uni-ver-sit
 de Kou-dou-gou du 17 mai 2017 au 30 no-vembre
 []


Underfull \hbox (badness 10000) in paragraph at lines 29--30

 []


Overfull \hbox (9.1472pt too wide) in paragraph at lines 37--53
[][] 
 []

<images/organigramme st.PNG, id=258, 522.45187pt x 264.23718pt>
File: images/organigramme st.PNG Graphic file (type png)
<use images/organigramme st.PNG>
Package pdftex.def Info: images/organigramme st.PNG  used on input line 68.
(pdftex.def)             Requested size: 455.2549pt x 256.08798pt.

Overfull \hbox (14.01079pt too wide) in paragraph at lines 68--69
 [] 
 []

[4]) [5 <./images/organigramme st.PNG>] (chapitre/Chapitre2.tex [6]
Chapitre 2.

Underfull \hbox (badness 10000) in paragraph at lines 1--1

 []

\openout3 = `main.mtc'.

\openout3 = `main.mtc'.

(main.mtc5
Overfull \hbox (16.47504pt too wide) in paragraph at lines 5--5
 [][] [][]\T1/cmr/m/n/10.95 Echange entre les au-teurs des tra-vaux de re-cherc
he et la com-mu-naut 
 []

) [7

]
Overfull \hbox (16.57845pt too wide) in paragraph at lines 12--12
\T1/ptm/m/n/12 les uti-li-sa-teurs peuvent se re-trou-ver en liste d'at-tente o
u se heur-ter  l'in-dis-po-ni-bi-lit des do-cu-ments.
 []

[8]
Overfull \hbox (17.1304pt too wide) in paragraph at lines 20--20
\T1/ptm/m/n/12 re-cherche, tout en of-frant une ac-ces-si-bi-lit ac-crue aux u
ti-li-sa-teurs. Cette tran-si-tion vers le nu-m-rique
 []


Overfull \hbox (10.6119pt too wide) in paragraph at lines 22--22
[]\T1/ptm/m/n/12 Prserver l'in-t-grit des do-cu-ments dans des condi-tions o
p-ti-males. Contrai-re-ment aux sup-ports
 []


Overfull \hbox (5.31044pt too wide) in paragraph at lines 24--24
\T1/ptm/m/n/12 fron-tires phy-siques des bi-blio-thques tra-di-tion-nelles, p
er-met-tant ainsi aux uti-li-sa-teurs d'ex-plo-rer
 []


Overfull \hbox (15.46266pt too wide) in paragraph at lines 26--26
\T1/ptm/m/n/12 fonc-tion-na-lit de re-cherche am-lio-re contri-bue  op-ti-m
i-ser l'ef-fi-ca-cit de la re-cherche aca-d-mique,
 []

[9]
Overfull \hbox (6.76144pt too wide) in paragraph at lines 31--31
|[]\T1/ptm/b/n/14.4 Echange entre les au-teurs des tra-vaux de re-cherche et la
 com-mu-naut
 []


Overfull \hbox (9.67943pt too wide) in paragraph at lines 36--36
\T1/ptm/m/n/12 pr-oc-cu-pa-tions afin que les au-teurs puissent r-pondre aux 
ques-tions, cla-ri-fier les points com-plexes. 
 []

[10]
Overfull \hbox (5.54057pt too wide) in paragraph at lines 40--41
\T1/ptm/m/n/12 cher-cheurs et pu-blic,  pro-mou-voir une com-pr-hen-sion plus
 ap-pro-fon-die des tra-vaux de re-cherche
 []


Overfull \hbox (14.2035pt too wide) in paragraph at lines 42--42
\T1/ptm/m/n/12 re-cherche et la com-mu-naut aca-d-mique. En fa-vo-ri-sant un 
dia-logue ou-vert, trans-pa-rent et in-ter-ac-tif,
 []


Overfull \hbox (17.23892pt too wide) in paragraph at lines 43--44
\T1/ptm/m/n/12 peuvent pros-p-rer. En fa-vo-ri-sant la dif-fu-sion trans-pa-re
nte et ac-ces-sible et s-cu-ris des connais-sances
 []


Overfull \hbox (7.78284pt too wide) in paragraph at lines 46--46
\T1/ptm/m/n/12 les bi-blio-thques phy-siques pr-sentent de nom-breuses li-mi-
ta-tions. En trans-for-mant ces do-cu-ments
 []

[11]
Overfull \hbox (6.81134pt too wide) in paragraph at lines 50--50
\T1/ptm/m/n/12 pro-meut une culture de col-la-bo-ra-tion et de trans-pa-rence, 
es-sen-tielle pour le pro-grs et l'in-no-va-tion
 []

) (chapitre/Chapitre3.tex [12]
Chapitre 3.

Underfull \hbox (badness 10000) in paragraph at lines 1--1

 []

\openout3 = `main.mtc'.

\openout3 = `main.mtc'.

(main.mtc6) [13

]
Overfull \hbox (2.90884pt too wide) in paragraph at lines 10--10
[]\T1/ptm/m/n/12 Crer une pla-te-forme est un dfi com-plexe qui n-ces-site u
ne ap-proche m-tho-dique et ef-fi-cace.
 []


Overfull \hbox (16.9864pt too wide) in paragraph at lines 10--10
\T1/ptm/m/n/12 Cette m-tho-do-lo-gie fa-vo-rise la flexi-bi-lit, la col-la-bo
-ra-tion et la li-vrai-son conti-nue de fonc-tion-na-li-ts.
 []


Overfull \hbox (22.6026pt too wide) in paragraph at lines 15--19
\T1/ptm/m/n/12 ap-proche it-ra-tive et in-cr-men-tale, o le tra-vail est or-
ga-nis en cycles courts ap-pe-ls "sprints"[biblio].
 []

[14]
<images/scrum.png, id=314, 1551.7975pt x 717.68124pt>
File: images/scrum.png Graphic file (type png)
<use images/scrum.png>
Package pdftex.def Info: images/scrum.png  used on input line 26.
(pdftex.def)             Requested size: 355.65096pt x 256.07631pt.
 [15 <./images/scrum.png>]) (chapitre/Chapitre4.tex [16]
Chapitre 4.

Underfull \hbox (badness 10000) in paragraph at lines 1--1

 []

\openout3 = `main.mtc'.

\openout3 = `main.mtc'.

(main.mtc7) [17

]
Overfull \hbox (32.44006pt too wide) in paragraph at lines 13--14
[]\T1/ptm/m/n/12 Dans l'en-semble, ce cha-pitre consti-tue une tape fon-da-men
-tale dans le pro-ces-sus de d-ve-lop-pe-ment
 []


Overfull \hbox (33.69115pt too wide) in paragraph at lines 13--14
\T1/ptm/m/n/12 de notre pla-te-forme de bi-blio-thque nu-m-rique. En ex-plo-r
ant l'exis-tant, la d-fi-ni-tion des fonc-tion-na-li-ts
 []


Overfull \hbox (5.50072pt too wide) in paragraph at lines 16--16
[]\T1/ptm/m/n/12 L'tude de l'exis-tant per-met au d-ve-lop-peur de s'im-pr-g
ner du fonc-tion-ne-ment et de re-cueillir
 []

[18]
Overfull \hbox (13.85484pt too wide) in paragraph at lines 27--27
|\T1/ptm/b/n/12 c) Re-cherche de do-cu-ment avec mots-cls : Les uti-li-sa-teur
s peuvent ef-fec-tuer des re-cherches
 []


Overfull \hbox (7.08658pt too wide) in paragraph at lines 27--27
\T1/ptm/b/n/12 avan-ces sur la pla-te-forme en uti-li-sant des mots-cls sp-c
i-fiques. Cette fonc-tion-na-lit per-met
 []

[19]
Overfull \hbox (14.60997pt too wide) in paragraph at lines 61--61
\T1/ptm/m/n/12 fa-ci-li-tant ainsi la com-pr-hen-sion des dif-f-rentes com-po
-santes et de leurs in-ter-ac-tions. En ta-blis-sant
 []


Overfull \hbox (24.22263pt too wide) in paragraph at lines 63--63
\T1/ptm/m/n/12 pro-jet. Chaque dia-gramme est ac-com-pa-gn d'une ex-pli-ca-tio
n des classes prin-ci-pales, des as-so-cia-tions
 []


Overfull \hbox (18.9664pt too wide) in paragraph at lines 63--63
\T1/ptm/m/n/12 et des d-pen-dances, met-tant en lu-mire les fonc-tion-na-li-t
s et les com-por-te-ments de notre pla-te-forme.
 []

File: images/scrum.png Graphic file (type png)
<use images/scrum.png>
Package pdftex.def Info: images/scrum.png  used on input line 71.
(pdftex.def)             Requested size: 355.65096pt x 256.07631pt.
[20]) (chapitre/Chapitre5.tex [21]
Chapitre 5.

Underfull \hbox (badness 10000) in paragraph at lines 1--1

 []

\openout3 = `main.mtc'.

\openout3 = `main.mtc'.

(main.mtc8) [22

]
Overfull \hbox (15.04066pt too wide) in paragraph at lines 17--17
[]\T1/ptm/m/n/12 Dans cette sec-tion, nous abor-dons le choix des ou-tils pour 
le d-ve-lop-pe-ment de notre pla-te-forme
 []

[23]
Overfull \hbox (11.02411pt too wide) in paragraph at lines 21--21
\T1/ptm/m/n/12 que nous avons fi-na-le-ment s-lec-tion-ns pour chaque as-pect
 du d-ve-lop-pe-ment de notre pla-te-forme,
 []


Overfull \hbox (33.31894pt too wide) in paragraph at lines 28--28
\T1/ptm/m/n/12 en-vi-ron-ne-ment lo-gi-ciel uni-fi qui re-groupe plu-sieurs fo
nc-tion-na-li-ts es-sen-tielles pour le d-ve-lop-pe-ment
 []


Underfull \hbox (badness 10000) in paragraph at lines 30--31

 []


Overfull \hbox (1.3386pt too wide) in paragraph at lines 32--33
\T1/ptm/m/n/12 des fonc-tion-na-li-ts avan-ces telles que la co-lo-ra-tion sy
n-taxique, l'au-to-com-pl-tions, l'in-den-ta-tion
 []

[24]
Overfull \hbox (15.29297pt too wide) in paragraph at lines 42--44
[]\T1/ptm/m/n/12 Concernant notre pro-jet nous avons opt pour Vi-sual Stu-dio 
Code (VS Code), un en-vi-ron-ne-ment
 []


Overfull \hbox (14.81552pt too wide) in paragraph at lines 42--44
\T1/ptm/m/n/12 notre pro-duc-ti-vit et nous ont per-mis de g-rer ef-fi-ca-ce-
ment les tches de d-ve-lop-pe-ment com-plexes.
 []

<images/vs code.jpg, id=375, 204.765pt x 192.72pt>
File: images/vs code.jpg Graphic file (type jpg)
<use images/vs code.jpg>
Package pdftex.def Info: images/vs code.jpg  used on input line 52.
(pdftex.def)             Requested size: 196.33469pt x 190.63164pt.
[25]
Overfull \hbox (4.49565pt too wide) in paragraph at lines 61--61
[]|\T1/ptm/m/n/12 Fonctionnalit/extension| 
 []


Underfull \hbox (badness 2012) in paragraph at lines 65--66
[]|\T1/ptm/m/n/12 Fonctionnalit per-met-tant l'au-to-com-pl-tions et la
 []


Underfull \hbox (badness 3364) in paragraph at lines 68--68
[]|\T1/ptm/m/n/12 Extension pour l'au-to-com-pl-tions de code CSS
 []


Underfull \hbox (badness 10000) in paragraph at lines 93--93
[]|\T1/ptm/m/n/12 Fonctionnalit pour l'uti-li-sa-tion d'in-tel-li-gence
 []

[26 <./images/vs code.jpg>] [27]
<images/laragon logo.jpg, id=389, 259.97125pt x 194.7275pt>
File: images/laragon logo.jpg Graphic file (type jpg)
<use images/laragon logo.jpg>
Package pdftex.def Info: images/laragon logo.jpg  used on input line 119.
(pdftex.def)             Requested size: 196.32271pt x 190.63849pt.

Overfull \hbox (21.59244pt too wide) in paragraph at lines 123--124
[]\T1/ptm/m/n/12 En uti-li-sant La-ra-gon, nous avons pu op-ti-mi-ser notre flu
x de tra-vail et am-lio-rer notre pro-duc-ti-vit.
 []


Overfull \hbox (3.19815pt too wide) in paragraph at lines 128--129
\T1/ptm/m/n/12 ver-sion, plus pr-ci-s-ment Git. L'uti-li-sa-tion d'un VCS (Ve
r-sion Control Sys-tem) est in-dis-pen-sable
 []

[28 <./images/laragon logo.jpg>]
Underfull \hbox (badness 10000) in paragraph at lines 134--135

 []


Overfull \hbox (3.92801pt too wide) in paragraph at lines 136--137
[]\T1/ptm/m/n/12 Suivi des Mo-di-fi-ca-tions : Git en-re-gistre chaque mo-di-fi
-ca-tion ap-por-te aux fi-chiers, per-met-tant
 []


Overfull \hbox (3.89243pt too wide) in paragraph at lines 141--143
[]\T1/ptm/m/n/12 Rversibilit : En cas de pro-blme, Git per-met de re-ve-nir 
fa-ci-le-ment  une ver-sion pr-c-dente,
 []


Overfull \hbox (23.52454pt too wide) in paragraph at lines 147--149
[]\T1/ptm/m/n/12 En com-pl-ment de Git, nous avons uti-lis une pla-te-forme d
e ges-tion de ver-sion et de col-la-bo-ra-tion
 []

[29]
Overfull \hbox (1.78221pt too wide) in paragraph at lines 151--152
\T1/ptm/m/n/12 s-cu-ris  l'his-to-rique com-plet des mo-di-fi-ca-tions et au
x dif-f-rentes branches. Cette cen-tra-li-sa-tion
 []

) [30] (chapitre/07-ConclusionGenerale.tex [31]
Underfull \hbox (badness 10000) in paragraph at lines 1--1

 []

) (main.bbl [32

]
Underfull \hbox (badness 10000) in paragraph at lines 1--1

 []

) (chapitre/09-Annexes.tex [33

]
Underfull \hbox (badness 10000) in paragraph at lines 1--1

 []

<images/your_image.png, id=422, 501.875pt x 786.94pt>
File: images/your_image.png Graphic file (type png)
<use images/your_image.png>
Package pdftex.def Info: images/your_image.png  used on input line 24.
(pdftex.def)             Requested size: 184.94801pt x 256.06467pt.
[34

 <./images/your_image.png>]
File: images/your_image.png Graphic file (type png)
<use images/your_image.png>
Package pdftex.def Info: images/your_image.png  used on input line 36.
(pdftex.def)             Requested size: 184.94801pt x 256.06467pt.
) (chapitre/10-DosDuRapport.tex [35]
Underfull \hbox (badness 10000) in paragraph at lines 31--32

 []


Underfull \hbox (badness 10000) in paragraph at lines 36--37

 []

<images/arabic.jpg, id=432, 918.43124pt x 309.155pt>
File: images/arabic.jpg Graphic file (type jpg)
<use images/arabic.jpg>
Package pdftex.def Info: images/arabic.jpg  used on input line 40.
(pdftex.def)             Requested size: 455.2485pt x 153.93556pt.
)
Package minitoc Info: I0009
(minitoc)             Listing minitoc auxiliary files. 
(minitoc)             Creating the main.maf file.
\openout3 = `main.maf'.

Package minitoc(hints) Info: I0053
(minitoc(hints))             You have loaded the float package; 
(minitoc(hints))             please be aware that the minitoc package 
(minitoc(hints))             facilities can not be used for new types 
(minitoc(hints))             of floats defined by the float package.
 [36 <./images/arabic.jpg>] (main.aux)
 ***********
LaTeX2e <2023-11-01> patch level 1
L3 programming layer <2024-01-04>
 ***********
Package rerunfilecheck Info: File `main.out' has not changed.
(rerunfilecheck)             Checksum: 9E0D7F94EFD58727AC41257D5925B4BD;6333.
 ) 
Here is how much of TeX's memory you used:
 36275 strings out of 474485
 715355 string characters out of 5740394
 1940542 words of memory out of 5000000
 57748 multiletter control sequences out of 15000+600000
 645891 words of font info for 112 fonts, out of 8000000 for 9000
 1141 hyphenation exceptions out of 8191
 100i,14n,103p,1014b,944s stack positions out of 10000i,1000n,20000p,200000b,200000s
 <C:\Users\NICOLAS YODA\AppData\Local\MiKTeX\fonts/pk/ljfour/jknappen/ec/dpi6
00\ecrm1095.pk> <C:\Users\NICOLAS YODA\AppData\Local\MiKTeX\fonts/pk/ljfour/jkn
appen/ec/dpi600\ecbx1095.pk> <C:\Users\NICOLAS YODA\AppData\Local\MiKTeX\fonts/
pk/ljfour/jknappen/ec/dpi600\ecbx1440.pk><C:/Users/NICOLAS YODA/AppData/Local/P
rograms/MiKTeX/fonts/type1/public/amsfonts/cm/cmsy6.pfb><C:/Users/NICOLAS YODA/
AppData/Local/Programs/MiKTeX/fonts/type1/urw/times/utmb8a.pfb><C:/Users/NICOLA
S YODA/AppData/Local/Programs/MiKTeX/fonts/type1/urw/times/utmr8a.pfb><C:/Users
/NICOLAS YODA/AppData/Local/Programs/MiKTeX/fonts/type1/urw/times/utmri8a.pfb>
Output written on main.pdf (46 pages, 1770793 bytes).
PDF statistics:
 587 PDF objects out of 1000 (max. 8388607)
 102 named destinations out of 1000 (max. 500000)
 304 words of extra memory for PDF output out of 10000 (max. 10000000)

