\BOOKMARK [0][-]{chapter*.4}{\376\377\000L\000I\000S\000T\000E\000\040\000D\000E\000S\000\040\000T\000A\000B\000L\000E\000A\000U\000X}{}% 1
\BOOKMARK [0][-]{chapter*.5}{\376\377\000L\000I\000S\000T\000E\000\040\000D\000E\000S\000\040\000F\000I\000G\000U\000R\000E\000S}{}% 2
\BOOKMARK [0][-]{chapter*.7}{\376\377\000I\000N\000T\000R\000O\000D\000U\000C\000T\000I\000O\000N\000\040\000G\000E\000N\000E\000R\000A\000L\000E}{}% 3
\BOOKMARK [0][-]{chapter.1}{\376\377\000P\000r\000\351\000s\000e\000n\000t\000a\000t\000i\000o\000n\000\040\000d\000e\000\040\000l\000a\000\040\000s\000t\000r\000u\000c\000t\000u\000r\000e\000\040\000d\000e\000\040\000f\000o\000r\000m\000a\000t\000i\000o\000n}{}% 4
\BOOKMARK [1][-]{section.1.1}{\376\377\000P\000r\000\351\000s\000e\000n\000t\000a\000t\000i\000o\000n\000\040\000d\000e\000\040\000l\040\031\000U\000n\000i\000v\000e\000r\000s\000i\000t\000\351\000\040\000N\000o\000r\000b\000e\000r\000t\000\040\000Z\000o\000n\000g\000o}{chapter.1}% 5
\BOOKMARK [1][-]{section.1.2}{\376\377\000P\000r\000\351\000s\000e\000n\000t\000a\000t\000i\000o\000n\000\040\000d\000e\000\040\000l\040\031\000U\000F\000R\000\040\000S\000T}{chapter.1}% 6
\BOOKMARK [1][-]{section.1.3}{\376\377\000C\000a\000d\000r\000e\000\040\000d\000e\000\040\000s\000t\000a\000g\000e\000\040\000\340\000\040\000l\000a\000\040\000d\000i\000r\000e\000c\000t\000i\000o\000n\000\040\000d\000e\000s\000\040\000s\000e\000r\000v\000i\000c\000e\000s\000\040\000i\000n\000f\000o\000r\000m\000a\000t\000i\000q\000u\000e}{chapter.1}% 7
\BOOKMARK [0][-]{chapter.2}{\376\377\000P\000r\000o\000b\000l\000\351\000m\000a\000t\000i\000q\000u\000e\000\040\000e\000t\000\040\000m\000\351\000t\000h\000o\000d\000o\000l\000o\000g\000i\000e\000\040\000d\000e\000\040\000t\000r\000a\000v\000a\000i\000l}{}% 8
\BOOKMARK [1][-]{section.2.1}{\376\377\000C\000o\000n\000t\000e\000x\000t\000e}{chapter.2}% 9
\BOOKMARK [1][-]{section.2.2}{\376\377\000P\000r\000o\000b\000l\000\351\000m\000a\000t\000i\000q\000u\000e}{chapter.2}% 10
\BOOKMARK [1][-]{section.2.3}{\376\377\000O\000b\000j\000e\000c\000t\000i\000f\000s}{chapter.2}% 11
\BOOKMARK [1][-]{section.2.4}{\376\377\000M\000\351\000t\000h\000o\000d\000o\000l\000o\000g\000i\000e\000\040\000d\000e\000\040\000t\000r\000a\000v\000a\000i\000l}{chapter.2}% 12
\BOOKMARK [2][-]{subsection.2.4.1}{\376\377\000P\000r\000\351\000s\000e\000n\000t\000a\000t\000i\000o\000n\000\040\000d\000e\000\040\000l\000a\000\040\000m\000\351\000t\000h\000o\000d\000o\000l\000o\000g\000i\000e\000\040\000a\000g\000i\000l\000e\000\040\000S\000c\000r\000u\000m}{section.2.4}% 13
\BOOKMARK [0][-]{chapter.3}{\376\377\000E\000t\000u\000d\000e\000\040\000c\000o\000n\000c\000e\000p\000t\000u\000e\000l\000l\000e}{}% 14
\BOOKMARK [1][-]{section.3.1}{\376\377\000E\000t\000u\000d\000e\000\040\000d\000e\000\040\000l\000'\000e\000x\000i\000s\000t\000a\000n\000t}{chapter.3}% 15
\BOOKMARK [2][-]{subsection.3.1.1}{\376\377\000D\000\351\000f\000i\000n\000i\000t\000i\000o\000n\000\040\000d\000e\000s\000\040\000F\000o\000n\000c\000t\000i\000o\000n\000n\000a\000l\000i\000t\000\351\000s\000\040}{section.3.1}% 16
\BOOKMARK [2][-]{subsection.3.1.2}{\376\377\000D\000i\000c\000t\000i\000o\000n\000n\000a\000i\000r\000e\000\040\000d\000e\000s\000\040\000d\000o\000n\000n\000\351\000e\000s}{section.3.1}% 17
\BOOKMARK [1][-]{section.3.2}{\376\377\000D\000i\000a\000g\000r\000a\000m\000m\000e\000s\000\040\000U\000M\000L}{chapter.3}% 18
\BOOKMARK [2][-]{subsection.3.2.1}{\376\377\000D\000i\000a\000g\000r\000a\000m\000m\000e\000s\000\040\000d\000e\000\040\000c\000l\000a\000s\000s\000e}{section.3.2}% 19
\BOOKMARK [2][-]{subsection.3.2.2}{\376\377\000D\000i\000a\000g\000r\000a\000m\000m\000e\000s\000\040\000d\000e\000\040\000s\000\351\000q\000u\000e\000n\000c\000e}{section.3.2}% 20
\BOOKMARK [2][-]{subsection.3.2.3}{\376\377\000R\000\350\000g\000l\000e\000s\000\040\000d\000e\000\040\000g\000e\000s\000t\000i\000o\000n}{section.3.2}% 21
\BOOKMARK [0][-]{chapter.4}{\376\377\000I\000m\000p\000l\000\351\000m\000e\000n\000t\000a\000t\000i\000o\000n\000\040\000e\000t\000\040\000c\000o\000n\000c\000r\000\351\000t\000i\000s\000a\000t\000i\000o\000n}{}% 22
\BOOKMARK [1][-]{section.4.1}{\376\377\000C\000h\000o\000i\000x\000\040\000d\000e\000s\000\040\000o\000u\000t\000i\000l\000s}{chapter.4}% 23
\BOOKMARK [2][-]{subsection.4.1.1}{\376\377\000E\000n\000v\000i\000r\000o\000n\000n\000e\000m\000e\000n\000t\000\040\000d\000e\000\040\000d\000\351\000v\000e\000l\000o\000p\000p\000e\000m\000e\000n\000t\000\040\000i\000n\000t\000\351\000g\000r\000\351\000\040\000\050\000I\000D\000E\000\051}{section.4.1}% 24
\BOOKMARK [2][-]{subsection.4.1.2}{\376\377\000S\000e\000r\000v\000e\000u\000r\000\040\000l\000o\000c\000a\000l}{section.4.1}% 25
\BOOKMARK [2][-]{subsection.4.1.3}{\376\377\000S\000y\000s\000t\000\350\000m\000e\000\040\000d\000e\000\040\000g\000e\000s\000t\000i\000o\000n\000\040\000d\000e\000\040\000v\000e\000r\000s\000i\000o\000n}{section.4.1}% 26
\BOOKMARK [2][-]{subsection.4.1.4}{\376\377\000P\000l\000a\000t\000e\000f\000o\000r\000m\000e\000\040\000d\000e\000\040\000G\000e\000s\000t\000i\000o\000n\000\040\000d\000e\000\040\000V\000e\000r\000s\000i\000o\000n}{section.4.1}% 27
\BOOKMARK [1][-]{section.4.2}{\376\377\000C\000h\000o\000i\000x\000\040\000d\000e\000s\000\040\000t\000e\000c\000h\000n\000o\000l\000o\000g\000i\000e\000s}{chapter.4}% 28
\BOOKMARK [2][-]{subsection.4.2.1}{\376\377\000H\000T\000M\000L\0005}{section.4.2}% 29
\BOOKMARK [2][-]{subsection.4.2.2}{\376\377\000C\000S\000S}{section.4.2}% 30
\BOOKMARK [2][-]{subsection.4.2.3}{\376\377\000J\000a\000v\000S\000c\000r\000i\000p\000t}{section.4.2}% 31
\BOOKMARK [2][-]{subsection.4.2.4}{\376\377\000P\000H\000P}{section.4.2}% 32
\BOOKMARK [2][-]{subsection.4.2.5}{\376\377\000F\000r\000a\000m\000e\000w\000o\000r\000k\000\040\000L\000a\000r\000a\000v\000e\000l}{section.4.2}% 33
\BOOKMARK [2][-]{subsection.4.2.6}{\376\377\000S\000G\000B\000D\000\040\000M\000y\000S\000Q\000L}{section.4.2}% 34
\BOOKMARK [0][-]{chapter.5}{\376\377\000P\000r\000e\000s\000e\000n\000t\000a\000t\000i\000o\000n\000\040\000d\000e\000\040\000l\000a\000\040\000p\000l\000a\000t\000e\000f\000o\000r\000m\000e}{}% 35
\BOOKMARK [1][-]{section.5.1}{\376\377\000Q\000u\000e\000l\000q\000u\000e\000s\000\040\000i\000n\000t\000e\000r\000f\000a\000c\000e\000s\000\040\000d\000e\000\040\000l\000a\000\040\000p\000l\000a\000t\000e\000f\000o\000r\000m\000e\000\040\000n\000u\000m\000\351\000r\000i\000q\000u\000e\000\040\000d\000e\000s\000\040\000m\000\351\000m\000o\000i\000r\000e\000s\000\040\000d\000e\000\040\000t\000h\000\350\000s\000e\000\040\000e\000t\000\040\000d\000e\000\040\000m\000a\000s\000t\000e\000r}{chapter.5}% 36
\BOOKMARK [2][-]{subsection.5.1.1}{\376\377\000P\000a\000g\000e\000\040\000d\000'\000a\000c\000c\000u\000e\000i\000l}{section.5.1}% 37
\BOOKMARK [2][-]{subsection.5.1.2}{\376\377\000L\000i\000s\000t\000e\000\040\000d\000e\000s\000\040\000r\000e\000s\000s\000o\000u\000r\000c\000e\000s}{section.5.1}% 38
\BOOKMARK [2][-]{subsection.5.1.3}{\376\377\000F\000o\000r\000m\000u\000l\000a\000i\000r\000e\000\040\000d\000e\000\040\000p\000r\000\351\000o\000c\000c\000u\000p\000a\000t\000i\000o\000n}{section.5.1}% 39
\BOOKMARK [2][-]{subsection.5.1.4}{\376\377\000L\000i\000s\000t\000e\000\040\000d\000e\000s\000\040\000p\000r\000\351\000o\000c\000c\000u\000p\000a\000t\000i\000o\000n\000s}{section.5.1}% 40
\BOOKMARK [0][-]{chapter.6}{\376\377\000A\000n\000a\000l\000y\000s\000e\000\040\000e\000t\000\040\000d\000i\000s\000c\000u\000s\000s\000i\000o\000n\000\040\000d\000e\000s\000\040\000r\000\351\000s\000u\000l\000t\000a\000t\000s}{}% 41
\BOOKMARK [1][-]{section.6.1}{\376\377\000A\000n\000a\000l\000y\000s\000e\000\040\000d\000e\000s\000\040\000r\000\351\000s\000u\000l\000t\000a\000t\000s}{chapter.6}% 42
\BOOKMARK [2][-]{subsection.6.1.1}{\376\377\000G\000e\000s\000t\000i\000o\000n\000\040\000d\000e\000s\000\040\000d\000o\000n\000n\000\351\000e\000s\000\040\000e\000t\000\040\000p\000e\000r\000f\000o\000r\000m\000a\000n\000c\000e\000s}{section.6.1}% 43
\BOOKMARK [2][-]{subsection.6.1.2}{\376\377\000S\000\351\000c\000u\000r\000i\000t\000\351\000\040\000e\000t\000\040\000f\000i\000a\000b\000i\000l\000i\000t\000\351}{section.6.1}% 44
\BOOKMARK [1][-]{section.6.2}{\376\377\000D\000i\000s\000c\000u\000s\000s\000i\000o\000n}{chapter.6}% 45
\BOOKMARK [2][-]{subsection.6.2.1}{\376\377\000A\000v\000a\000n\000t\000a\000g\000e\000s\000\040\000e\000t\000\040\000R\000\351\000a\000l\000i\000s\000a\000t\000i\000o\000n\000s}{section.6.2}% 46
\BOOKMARK [2][-]{subsection.6.2.2}{\376\377\000L\000i\000m\000i\000t\000e\000s\000\040\000e\000t\000\040\000d\000\351\000f\000i\000s}{section.6.2}% 47
\BOOKMARK [2][-]{subsection.6.2.3}{\376\377\000P\000e\000r\000s\000p\000e\000c\000t\000i\000v\000e\000s}{section.6.2}% 48
\BOOKMARK [0][-]{chapter*.29}{\376\377\000C\000O\000N\000C\000L\000U\000S\000I\000O\000N\000\040\000G\000E\000N\000E\000R\000A\000L\000E}{}% 49
\BOOKMARK [0][-]{chapter*.30}{\376\377\000L\000I\000S\000T\000E\000\040\000D\000E\000S\000\040\000T\000E\000R\000M\000E\000S\000\040\000I\000N\000D\000E\000X\000E\000S}{}% 50
